Action.c(155):       <TD width="45%" valign=top><b>Invoice sent to:</b><br/>\n
Action.c(155):           <center>\n
Action.c(155):           <Table width="80%" cellspacing="0" > <tr> <td>\n
Action.c(155):               jojo bean\n
Action.c(155):     <br/>\n
Action.c(155):               Perm<br/>\n
Action.c(155):               614109<br/>\n
Action.c(155):               <br/>\n
Action.c(155):               Total Charge: $ 385 <BR/> (CC: x-1324)\n
Action.c(155):           </td> </tr> </table>\n
Action.c(155):           </center>\n
Action.c(155):       </TD>\n
Action.c(155):     </TR>\n
Action.c(155):     <TR bgcolor="#EFF2F7">\n
Action.c(155):       <TD COLSPAN="3">\n
Action.c(155):       <b>Flight Details:</b><BR/>  <center>\n
Action.c(155):       09/21/2020\n
Action.c(155):      :  8am : Flight 120 leaves Frankfurt  for London.<br>  </center>\n
Action.c(155):       </TD>\n
Action.c(155):     </TR>\n
Action.c(155):     \n
Action.c(155):     <TR bgcolor="#EFF2F7">\n
Action.c(155):       <TD COLSPAN="4">\n
Action.c(155):       <hr/>\n
Action.c(155):       </TD>\n
Action.c(155):     </TR>\n
Action.c(155):     \n
Action.c(155):     <!-- Flight #1 -->\n
Action.c(155):     <TR bgcolor="#EFF2F7">\n
Action.c(155):       <TD width="5%" rowspan="2" align="left" valign="top">\n
Action.c(155):     <b>\n
Action.c(155):     <label><input type="checkbox" name="58" value="on" /></label></font></b>\n
Action.c(155):     <input type="hidden" name="flightID" value="4905780-4467-jb"  />\n
Action.c(155):       </TD>\n
Action.c(155):       <TD width="45%" valign="top">\n
Action.c(155):           <b>&nbsp;&nbsp;A Coach class ticket for :</b><br/>\n
Action.c(155):           <center><table border="0" width="85%"><tr><td>\n
Action.c(155):           <li><i>jojo bean\n
Action.c(155):           <li><i></i>\n
Action.c(155):           </td></tr></table></center>\n
Action.c(155):       </TD>\n
Action.c(155):       <TD width="5%" >.<br/>.<br/>.<br/>.</TD>\n
Action.c(155):       <TD width="45%" valign=top><b>Invoice sent to:</b><br/>\n
Action.c(155):           <center>\n
Action.c(155):           <Table width="80%" cellspacing="0" > <tr> <td>\n
Action.c(155):               jojo bean\n
Action.c(155):     <br/>\n
Action.c(155):               Perm<br/>\n
Action.c(155):               614109<br/>\n
Action.c(155):               <br/>\n
Action.c(155):               Total Charge: $ 75 <BR/> (CC: x-1324)\n
Action.c(155):           </td> </tr> </table>\n
Action.c(155):           </center>\n
Action.c(155):       </TD>\n
Action.c(155):     </TR>\n
Action.c(155):     <TR bgcolor="#EFF2F7">\n
Action.c(155):       <TD COLSPAN="3">\n
Action.c(155):       <b>Flight Details:</b><BR/>  <center>\n
Action.c(155):       09/21/2020\n
Action.c(155):      :  8am : Flight 560 leaves Portland  for San Francisco.<br>  </center>\n
Action.c(155):       </TD>\n
Action.c(155):     </TR>\n
Action.c(155):     \n
Action.c(155):     <TR bgcolor="#EFF2F7">\n
Action.c(155):       <TD COLSPAN="4">\n
Action.c(155):       <hr/>\n
Action.c(155):       </TD>\n
Action.c(155):     </TR>\n
Action.c(155):     \n
Action.c(155):     <!-- Flight #1 -->\n
Action.c(155):     <TR bgcolor="#EFF2F7">\n
Action.c(155):       <TD width="5%" rowspan="2" align="left" valign="top">\n
Action.c(155):     <b>\n
Action.c(155):     <label><input type="checkbox" name="59" value="on" /></label></font></b>\n
Action.c(155):     <input type="hidden" name="flightID" value="49037434-45440-jb"  />\n
Action.c(155):       </TD>\n
Action.c(155):       <TD width="45%" valign="top">\n
Action.c(155):           <b>&nbsp;&nbsp;A Firsrt class ticket for :</b><br/>\n
Action.c(155):           <center><table border="0" width="85%"><tr><td>\n
Action.c(155):           <li><i>jojo bean\n
Action.c(155):           <li><i></i>\n
Action.c(155):           </td></tr></table></center>\n
Action.c(155):       </TD>\n
Action.c(155):       <TD width="5%" >.<br/>.<br/>.<br/>.</TD>\n
Action.c(155):       <TD width="45%" valign=top><b>Invoice sent to:</b><br/>\n
Action.c(155):           <center>\n
Action.c(155):           <Table width="80%" cellspacing="0" > <tr> <td>\n
Action.c(155):               jojo bean\n
Action.c(155):     <br/>\n
Action.c(155):               Perm<br/>\n
Action.c(155):               614109<br/>\n
Action.c(155):               <br/>\n
Action.c(155):               Total Charge: $ 723 <BR/> (CC: x-1324)\n
Action.c(155):           </td> </tr> </table>\n
Action.c(155):           </center>\n
Action.c(155):       </TD>\n
Action.c(155):     </TR>\n
Action.c(155):     <TR bgcolor="#EFF2F7">\n
Action.c(155):       <TD COLSPAN="3">\n
Action.c(155):       <b>Flight Details:</b><BR/>  <center>\n
Action.c(155):       09/21/2020\n
Action.c(155):      :  8am : Flight 010 leaves Denver  for Frankfurt.<br>  </center>\n
Action.c(155):       </TD>\n
Action.c(155):     </TR>\n
Action.c(155):     \n
Action.c(155):     <TR bgcolor="#EFF2F7">\n
Action.c(155):       <TD COLSPAN="4">\n
Action.c(155):       <hr/>\n
Action.c(155):       </TD>\n
Action.c(155):     </TR>\n
Action.c(155):     \n
Action.c(155):     <!-- Flight #1 -->\n
Action.c(155):     <TR bgcolor="#EFF2F7">\n
Action.c(155):       <TD width="5%" rowspan="2" align="left" valign="top">\n
Action.c(155):     <b>\n
Action.c(155):     <label><input type="checkbox" name="60" value="on" /></label></font></b>\n
Action.c(155):     <input type="hidden" name="flightID" value="49037434-46209-jb"  />\n
Action.c(155):       </TD>\n
Action.c(155):       <TD width="45%" valign="top">\n
Action.c(155):           <b>&nbsp;&nbsp;A Firsrt class ticket for :</b><br/>\n
Action.c(155):           <center><table border="0" width="85%"><tr><td>\n
Action.c(155):           <li><i>jojo bean\n
Action.c(155):           <li><i></i>\n
Action.c(155):           </td></tr></table></center>\n
Action.c(155):       </TD>\n
Action.c(155):       <TD width="5%" >.<br/>.<br/>.<br/>.</TD>\n
Action.c(155):       <TD width="45%" valign=top><b>Invoice sent to:</b><br/>\n
Action.c(155):           <center>\n
Action.c(155):           <Table width="80%" cellspacing="0" > <tr> <td>\n
Action.c(155):               jojo bean\n
Action.c(155):     <br/>\n
Action.c(155):               Perm<br/>\n
Action.c(155):               614109<br/>\n
Action.c(155):               <br/>\n
Action.c(155):               Total Charge: $ 723 <BR/> (CC: x-1324)\n
Action.c(155):           </td> </tr> </table>\n
Action.c(155):           </center>\n
Action.c(155):       </TD>\n
Action.c(155):     </TR>\n
Action.c(155):     <TR bgcolor="#EFF2F7">\n
Action.c(155):       <TD COLSPAN="3">\n
Action.c(155):       <b>Flight 
Action.c(155): Notify: Saving Parameter "flight_ID_50 = 49037434-38517-jb".	[MsgId: MMSG-13798]
Action.c(155): Notify: Saving Parameter "flight_ID_51 = 49037434-39286-jb".	[MsgId: MMSG-13798]
Action.c(155): Notify: Saving Parameter "flight_ID_52 = 49037434-40055-jb".	[MsgId: MMSG-13798]
Action.c(155): Notify: Saving Parameter "flight_ID_53 = 49041495-40798-jb".	[MsgId: MMSG-13798]
Action.c(155): Notify: Saving Parameter "flight_ID_54 = 49045584-41597-jb".	[MsgId: MMSG-13798]
Action.c(155): Notify: Saving Parameter "flight_ID_55 = 49049660-42370-jb".	[MsgId: MMSG-13798]
Action.c(155): Notify: Saving Parameter "flight_ID_56 = 49053737-43146-jb".	[MsgId: MMSG-13798]
Action.c(155): Notify: Saving Parameter "flight_ID_57 = 49041495-43875-jb".	[MsgId: MMSG-13798]
Action.c(155): Notify: Saving Parameter "flight_ID_58 = 4905780-4467-jb".	[MsgId: MMSG-13798]
Action.c(155): Notify: Saving Parameter "flight_ID_59 = 49037434-45440-jb".	[MsgId: MMSG-13798]
Action.c(155): Notify: Saving Parameter "flight_ID_60 = 49037434-46209-jb".	[MsgId: MMSG-13798]
Action.c(155): t=18542ms: 8-byte chunked response overhead for "http://localhost:1080/cgi-bin/itinerary.pl" (RelFrameId=, Internal ID=25)
Action.c(155):     \r\n
Action.c(155):     1000\r\n
Action.c(155): t=18542ms: 8-byte chunked response overhead for "http://localhost:1080/cgi-bin/itinerary.pl" (RelFrameId=, Internal ID=25)
Action.c(155):     \r\n
Action.c(155):     1000\r\n
Action.c(155): t=18543ms: 8-byte chunked response overhead for "http://localhost:1080/cgi-bin/itinerary.pl" (RelFrameId=, Internal ID=25)
Action.c(155):     \r\n
Action.c(155):     1000\r\n
Action.c(155): t=18543ms: 12263-byte chunked response body for "http://localhost:1080/cgi-bin/itinerary.pl" (RelFrameId=, Internal ID=25)
Action.c(155):     Details:</b><BR/>  <center>\n
Action.c(155):       09/21/2020\n
Action.c(155):      :  8am : Flight 010 leaves Denver  for Frankfurt.<br>  </center>\n
Action.c(155):       </TD>\n
Action.c(155):     </TR>\n
Action.c(155):     \n
Action.c(155):     <TR bgcolor="#EFF2F7">\n
Action.c(155):       <TD COLSPAN="4">\n
Action.c(155):       <hr/>\n
Action.c(155):       </TD>\n
Action.c(155):     </TR>\n
Action.c(155):     \n
Action.c(155):     <!-- Flight #1 -->\n
Action.c(155):     <TR bgcolor="#EFF2F7">\n
Action.c(155):       <TD width="5%" rowspan="2" align="left" valign="top">\n
Action.c(155):     <b>\n
Action.c(155):     <label><input type="checkbox" name="61" value="on" /></label></font></b>\n
Action.c(155):     <input type="hidden" name="flightID" value="49037434-46978-jb"  />\n
Action.c(155):       </TD>\n
Action.c(155):       <TD width="45%" valign="top">\n
Action.c(155):           <b>&nbsp;&nbsp;A Firsrt class ticket for :</b><br/>\n
Action.c(155):           <center><table border="0" width="85%"><tr><td>\n
Action.c(155):           <li><i>jojo bean\n
Action.c(155):           <li><i></i>\n
Action.c(155):           </td></tr></table></center>\n
Action.c(155):       </TD>\n
Action.c(155):       <TD width="5%" >.<br/>.<br/>.<br/>.</TD>\n
Action.c(155):       <TD width="45%" valign=top><b>Invoice sent to:</b><br/>\n
Action.c(155):           <center>\n
Action.c(155):           <Table width="80%" cellspacing="0" > <tr> <td>\n
Action.c(155):               jojo bean\n
Action.c(155):     <br/>\n
Action.c(155):               Perm<br/>\n
Action.c(155):               614109<br/>\n
Action.c(155):               <br/>\n
Action.c(155):               Total Charge: $ 723 <BR/> (CC: x-1324)\n
Action.c(155):           </td> </tr> </table>\n
Action.c(155):           </center>\n
Action.c(155):       </TD>\n
Action.c(155):     </TR>\n
Action.c(155):     <TR bgcolor="#EFF2F7">\n
Action.c(155):       <TD COLSPAN="3">\n
Action.c(155):       <b>Flight Details:</b><BR/>  <center>\n
Action.c(155):       09/21/2020\n
Action.c(155):      :  8am : Flight 010 leaves Denver  for Frankfurt.<br>  </center>\n
Action.c(155):       </TD>\n
Action.c(155):     </TR>\n
Action.c(155):     \n
Action.c(155):     <TR bgcolor="#EFF2F7">\n
Action.c(155):       <TD COLSPAN="4">\n
Action.c(155):       <hr/>\n
Action.c(155):       </TD>\n
Action.c(155):     </TR>\n
Action.c(155):     \n
Action.c(155):     <!-- Flight #1 -->\n
Action.c(155):     <TR bgcolor="#EFF2F7">\n
Action.c(155):       <TD width="5%" rowspan="2" align="left" valign="top">\n
Action.c(155):     <b>\n
Action.c(155):     <label><input type="checkbox" name="62" value="on" /></label></font></b>\n
Action.c(155):     <input type="hidden" name="flightID" value="49037434-47747-jb"  />\n
Action.c(155):       </TD>\n
Action.c(155):       <TD width="45%" valign="top">\n
Action.c(155):           <b>&nbsp;&nbsp;A Firsrt class ticket for :</b><br/>\n
Action.c(155):           <center><table border="0" width="85%"><tr><td>\n
Action.c(155):           <li><i>jojo bean\n
Action.c(155):           <li><i></i>\n
Action.c(155):           </td></tr></table></center>\n
Action.c(155):       </TD>\n
Action.c(155):       <TD width="5%" >.<br/>.<br/>.<br/>.</TD>\n
Action.c(155):       <TD width="45%" valign=top><b>Invoice sent to:</b><br/>\n
Action.c(155):           <center>\n
Action.c(155):           <Table width="80%" cellspacing="0" > <tr> <td>\n
Action.c(155):               jojo bean\n
Action.c(155):     <br/>\n
Action.c(155):               Perm<br/>\n
Action.c(155):               614109<br/>\n
Action.c(155):               <br/>\n
Action.c(155):               Total Charge: $ 723 <BR/> (CC: x-1324)\n
Action.c(155):           </td> </tr> </table>\n
Action.c(155):           </center>\n
Action.c(155):       </TD>\n
Action.c(155):     </TR>\n
Action.c(155):     <TR bgcolor="#EFF2F7">\n
Action.c(155):       <TD COLSPAN="3">\n
Action.c(155):       <b>Flight Details:</b><BR/>  <center>\n
Action.c(155):       09/21/2020\n
Action.c(155):      :  8am : Flight 010 leaves Denver  for Frankfurt.<br>  </center>\n
Action.c(155):       </TD>\n
Action.c(155):     </TR>\n
Action.c(155):     \n
Action.c(155):     <TR bgcolor="#EFF2F7">\n
Action.c(155):       <TD COLSPAN="4">\n
Action.c(155):       <hr/>\n
Action.c(155):       </TD>\n
Action.c(155):     </TR>\n
Action.c(155):     \n
Action.c(155):     <!-- Flight #1 -->\n
Action.c(155):     <TR bgcolor="#EFF2F7">\n
Action.c(155):       <TD width="5%" rowspan="2" align="left" valign="top">\n
Action.c(155):     <b>\n
Action.c(155):     <label><input type="checkbox" name="63" value="on" /></label></font></b>\n
Action.c(155):     <input type="hidden" name="flightID" value="49037434-48517-jb"  />\n
Action.c(155):       </TD>\n
Action.c(155):       <TD width="45%" valign="top">\n
Action.c(155):           <b>&nbsp;&nbsp;A Firsrt class ticket for :</b><br/>\n
Action.c(155):           <center><table border="0" width="85%"><tr><td>\n
Action.c(155):           <li><i>jojo bean\n
Action.c(155):           <li><i></i>\n
Action.c(155):           </td></tr></table></center>\n
Action.c(155):       </TD>\n
Action.c(155):       <TD width="5%" >.<br/>.<br/>.<br/>.</TD>\n
Action.c(155):       <TD width="45%" valign=top><b>Invoice sent to:</b><br/>\n
Action.c(155):           <center>\n
Action.c(155):           <Table width="80%" cellspacing="0" > <tr> <td>\n
Action.c(155):               jojo bean\n
Action.c(155):     <br/>\n
Action.c(155):               Perm<br/>\n
Action.c(155):               614109<br/>\n
Action.c(155):               <br/>\n
Action.c(155):               Total Charge: $ 723 <BR/> (CC: x-1324)\n
Action.c(155):           </td> </tr> </table>\n
Action.c(155):           </center>\n
Action.c(155):       </TD>\n
Action.c(155):     </TR>\n
Action.c(155):     <TR bgcolor="#EFF2F7">\n
Action.c(155):       <TD COLSPAN="3">\n
Action.c(155):       <b>Flight Details:</b><BR/>  <center>\n
Action.c(155):       09/21/2020\n
Action.c(155):      :  8am : Flight 010 leaves Denver  for Frankfurt.<br>  </center>\n
Action.c(155):       </TD>\n
Action.c(155):     </TR>\n
Action.c(155):     \n
Action.c(155):     <TR bgcolor="#EFF2F7">\n
Action.c(155):       <TD COLSPAN="4">\n
Action.c(155):       <hr/>\n
Action.c(155):       </TD>\n
Action.c(155):     </TR>\n
Action.c(155):     \n
Action.c(155):     <!-- Flight #1 -->\n
Action.c(155):     <TR bgcolor="#EFF2F7">\n
Action.c(155):       <TD width="5%" rowspan="2" align="left" valign="top">\n
Action.c(155):     <b>\n
Action.c(155):     <label><input type="checkbox" name="64" value="on" /></label></font></b>\n
Action.c(155):     <input type="hidden" name="flightID" value="49037434-49286-jb"  />\n
Action.c(155):       </TD>\n
Action.c(155):       <TD width="45%" valign="top">\n
Action.c(155):           <b>&nbsp;&nbsp;A Firsrt class ticket for :</b><br/>\n
Action.c(155):           <center><table border="0" width="85%"><tr><td>\n
Action.c(155):           <li><i>jojo bean\n
Action.c(155):           <li><i></i>\n
Action.c(155):           </td></tr></table></center>\n
Action.c(155):       </TD>\n
Action.c(155):       <TD width="5%" >.<br/>.<br/>.<br/>.</TD>\n
Action.c(155):       <TD width="45%" valign=top><b>Invoice sent to:</b><br/>\n
Action.c(155):           <center>\n
Action.c(155):           <Table width="80%" cellspacing="0" > <tr> <td>\n
Action.c(155):               jojo bean\n
Action.c(155):     <br/>\n
Action.c(155):               Perm<br/>\n
Action.c(155):               614109<br/>\n
Action.c(155):               <br/>\n
Action.c(155):               Total Charge: $ 723 <BR/> (CC: x-1324)\n
Action.c(155):           </td> </tr> </table>\n
Action.c(155):           </center>\n
Action.c(155):       </TD>\n
Action.c(155):     </TR>\n
Action.c(155):     <TR bgcolor="#EFF2F7">\n
Action.c(155):       <TD COLSPAN="3">\n
Action.c(155):       <b>Flight Details:</b><BR/>  <center>\n
Action.c(155):       09/21/2020\n
Action.c(155):      :  8am : Flight 010 leaves Denver  for Frankfurt.<br>  </center>\n
Action.c(155):       </TD>\n
Action.c(155):     </TR>\n
Action.c(155):     \n
Action.c(155):     <TR bgcolor="#EFF2F7">\n
Action.c(155):       <TD COLSPAN="4">\n
Action.c(155):       <hr/>\n
Action.c(155):       </TD>\n
Action.c(155):     </TR>\n
Action.c(155):     \n
Action.c(155):     <!-- Flight #1 -->\n
Action.c(155):     <TR bgcolor="#EFF2F7">\n
Action.c(155):       <TD width="5%" rowspan="2" align="left" valign="top">\n
Action.c(155):     <b>\n
Action.c(155):     <label><input type="checkbox" name="65" value="on" /></label></font></b>\n
Action.c(155):     <input type="hidden" name="flightID" value="49037434-50055-jb"  />\n
Action.c(155):       </TD>\n
Action.c(155):       <TD width="45%" valign="top">\n
Action.c(155):           <b>&nbsp;&nbsp;A Firsrt class ticket for :</b><br/>\n
Action.c(155):           <center><table border="0" width="85%"><tr><td>\n
Action.c(155):           <li><i>jojo bean\n
Action.c(155):           <li><i></i>\n
Action.c(155):           </td></tr></table></center>\n
Action.c(155):       </TD>\n
Action.c(155):       <TD width="5%" >.<br/>.<br/>.<br/>.</TD>\n
Action.c(155):       <TD width="45%" valign=top><b>Invoice sent to:</b><br/>\n
Action.c(155):           <center>\n
Action.c(155):           <Table width="80%" cellspacing="0" > <tr> <td>\n
Action.c(155):               jojo bean\n
Action.c(155):     <br/>\n
Action.c(155):               Perm<br/>\n
Action.c(155):               614109<br/>\n
Action.c(155):               <br/>\n
Action.c(155):               Total Charge: $ 723 <BR/> (CC: x-1324)\n
Action.c(155):           </td> </tr> </table>\n
Action.c(155):           </center>\n
Action.c(155):       </TD>\n
Action.c(155):     </TR>\n
Action.c(155):     <TR bgcolor="#EFF2F7">\n
Action.c(155):       <TD COLSPAN="3">\n
Action.c(155):       <b>Flight Details:</b><BR/>  <center>\n
Action.c(155):       09/21/2020\n
Action.c(155):      :  8am : Flight 010 leaves Denver  for Frankfurt.<br>  </center>\n
Action.c(155):       </TD>\n
Action.c(155):     </TR>\n
Action.c(155):     \n
Action.c(155):     <TR bgcolor="#EFF2F7">\n
Action.c(155):       <TD COLSPAN="4">\n
Action.c(155):       <hr/>\n
Action.c(155):       </TD>\n
Action.c(155):     </TR>\n
Action.c(155):     \n
Action.c(155):     <!-- Flight #1 -->\n
Action.c(155):     <TR bgcolor="#EFF2F7">\n
Action.c(155):       <TD width="5%" rowspan="2" align="left" valign="top">\n
Action.c(155):     <b>\n
Action.c(155):     <label><input type="checkbox" name="66" value="on" /></label></font></b>\n
Action.c(155):     <input type="hidden" name="flightID" value="49037434-50824-jb"  />\n
Action.c(155):       </TD>\n
Action.c(155):       <TD width="45%" valign="top">\n
Action.c(155):           <b>&nbsp;&nbsp;A Firsrt class ticket for :</b><br/>\n
Action.c(155):           <center><table border="0" width="85%"><tr><td>\n
Action.c(155):           <li><i>jojo bean\n
Action.c(155):           <li><i></i>\n
Action.c(155):           </td></tr></table></center>\n
Action.c(155):       </TD>\n
Action.c(155):       <TD width="5%" >.<br/>.<br/>.<br/>.</TD>\n
Action.c(155):       <TD width="45%" valign=top><b>Invoice sent to:</b><br/>\n
Action.c(155):           <center>\n
Action.c(155):           <Table width="80%" cellspacing="0" > <tr> <td>\n
Action.c(155):               jojo bean\n
Action.c(155):     <br/>\n
Action.c(155):               Perm<br/>\n
Action.c(155):               614109<br/>\n
Action.c(155):               <br/>\n
Action.c(155):               Total Charge: $ 723 <BR/> (CC: x-1324)\n
Action.c(155):           </td> </tr> </table>\n
Action.c(155):           </center>\n
Action.c(155):       </TD>\n
Action.c(155):     </TR>\n
Action.c(155):     <TR bgcolor="#EFF2F7">\n
Action.c(155):       <TD COLSPAN="3">\n
Action.c(155):       <b>Flight Details:</b><BR/>  <center>\n
Action.c(155):       09/21/2020\n
Action.c(155):      :  8am : Flight 010 leaves Denver  for Frankfurt.<br>  </center>\n
Action.c(155):       </TD>\n
Action.c(155):     </TR>\n
Action.c(155):     \n
Action.c(155):     <TR bgcolor="#EFF2F7">\n
Action.c(155):       <TD COLSPAN="4">\n
Action.c(155):       <hr/>\n
Action.c(155):       </TD>\n
Action.c(155):     </TR>\n
Action.c(155):     \n
Action.c(155):     <!-- Flight #1 -->\n
Action.c(155):     <TR bgcolor="#EFF2F7">\n
Action.c(155):       <TD width="5%" rowspan="2" align="left" valign="top">\n
Action.c(155):     <b>\n
Action.c(155):     <label><input type="checkbox" name="67" value="on" /></label></font></b>\n
Action.c(155):     <input type="hidden" name="flightID" value="49037434-51594-jb"  />\n
Action.c(155):       </TD>\n
Action.c(155):       <TD width="45%" valign="top">\n
Action.c(155):           <b>&nbsp;&nbsp;A Firsrt class ticket for :</b><br/>\n
Action.c(155):           <center><table border="0" width="85%"><tr><td>\n
Action.c(155):           <li><i>jojo bean\n
Action.c(155):           <li><i></i>\n
Action.c(155):           </td></tr></table></center>\n
Action.c(155):       </TD>\n
Action.c(155):       <TD width="5%" >.<br/>.<br/>.<br/>.</TD>\n
Action.c(155):       <TD width="45%" valign=top><b>Invoice sent to:</b><br/>\n
Action.c(155):           <center>\n
Action.c(155):           <Table width="80%" cellspacing="0" > <tr> <td>\n
Action.c(155):               jojo bean\n
Action.c(155):     <br/>\n
Action.c(155):               Perm<br/>\n
Action.c(155):               614109<br/>\n
Action.c(155):               <br/>\n
Action.c(155):               Total Charge: $ 723 <BR/> (CC: x-1324)\n
Action.c(155):           </td> </tr> </table>\n
Action.c(155):           </center>\n
Action.c(155):       </TD>\n
Action.c(155):     </TR>\n
Action.c(155):     <TR bgcolor="#EFF2F7">\n
Action.c(155):       <TD COLSPAN="3">\n
Action.c(155):       <b>Flight Details:</b><BR/>  <center>\n
Action.c(155):       09/21/2020\n
Action.c(155):      :  8am : Flight 010 leaves Denver  for Frankfurt.<br>  </center>\n
Action.c(155):       </TD>\n
Action.c(155):     </TR>\n
Action.c(155):     \n
Action.c(155):     <TR bgcolor="#EFF2F7">\n
Action.c(155):       <TD COLSPAN="4">\n
Action.c(155):       <hr/>\n
Action.c(155):       </TD>\n
Action.c(155):     </TR>\n
Action.c(155):     \n
Action.c(155):     <!-- Flight #1 -->\n
Action.c(155):     <TR bgcolor="#EFF2F7">\n
Action.c(155):       <TD width="5%" rowspan="2" align="left" valign="top">\n
Action.c(155):     <b>\n
Action.c(155):     <label><input type="checkbox" name="68" value="on" /></label></font></b>\n
Action.c(155):     <input type="hidden" name="flightID" value="49037434-52363-jb"  />\n
Action.c(155):       </TD>\n
Action.c(155):       <TD width="45%" valign="top">\n
Action.c(155):           <b>&nbsp;&nbsp;A Firsrt class ticket for :</b><br/>\n
Action.c(155):           <center><table border="0" width="85%"><tr><td>\n
Action.c(155):           <li><i>jojo bean\n
Action.c(155):           <li><i></i>\n
Action.c(155):           </td></tr></table></center>\n
Action.c(155):       </TD>\n
Action.c(155):       <TD width="5%" >.<br/>.<br/>.<br/>.</TD>\n
Action.c(155):       <TD width="45%" valign=top><b>Invoice sent to:</b><br/>\n
Action.c(155):           <center>\n
Action.c(155):           <Table width="80%" cellspacing="0" > <tr> <td>\n
Action.c(155):               jojo bean\n
Action.c(155):     <br/>\n
Action.c(155):               Perm<br/>\n
Action.c(155):               614109<br/>\n
Action.c(155):               <br/>\n
Action.c(155):               Total Charge: $ 723 <BR/> (CC: x-1324)\n
Action.c(155):           </td> </tr> </table>\n
Action.c(155):           </center>\n
Action.c(155):       </TD>\n
Action.c(155):     </TR>\n
Action.c(155):     <TR bgcolor="#EFF2F7">\n
Action.c(155):       <TD COLSPAN="3">\n
Action.c(155):       <b>Flight Details:</b><BR/>  <center>\n
Action.c(155):       09/21/2020\n
Action.c(155):      :  8am : Flight 010 leaves Denver  for Frankfurt.<br>  </center>\n
Action.c(155):       </TD>\n
Action.c(155):     </TR>\n
Action.c(155):     \n
Action.c(155):     <TR bgcolor="#EFF2F7">\n
Action.c(155):       <TD COLSPAN="4">\n
Action.c(155):       <hr/>\n
Action.c(155):       </TD>\n
Action.c(155):     </TR>\n
Action.c(155):     \n
Action.c(155):     <!-- Flight #1 -->\n
Action.c(155):     <TR bgcolor="#EFF2F7">\n
Action.c(155):       <TD width="5%" rowspan="2" align="left" valign="top">\n
Action.c(155):     <b>\n
Action.c(155):     <label><input type="checkbox" name="69" value="on" /></label></font></b>\n
Action.c(155):     <input type="hidden" name="flightID" value="49041495-53106-jb"  />\n
Action.c(155):       </TD>\n
Action.c(155):       <TD width="45%" valign="top">\n
Action.c(155):           <b>&nbsp;&nbsp;A Business class ticket for :</b><br/>\n
Action.c(155):           <center><table border="0" width="85%"><tr><td>\n
Action.c(155):           <li><i>jojo bean\n
Action.c(155):           <li><i></i>\n
Action.c(155):           </td></tr></table></center>\n
Action.c(155):       </TD>\n
Action.c(155):       <TD width="5%" >.<br/>.<br/>.<br/>.</TD>\n
Action.c(155):       <TD width="45%" valign=top><b>Invoice sent to:</b><br/>\n
Action.c(155):           <center>\n
Action.c(155):           <Table width="80%" cellspacing="0" > <tr> <td>\n
Action.c(155):               jojo bean\n
Action.c(155):     <br/>\n
Action.c(155):               Perm<br/>\n
Action.c(155):               614109<br/>\n
Action.c(155):               <br/>\n
Action.c(155):               Total Charge: $ 385 <BR/> (CC: x-1324)\n
Action.c(155):           </td> </tr> </table>\n
Action.c(155):           </center>\n
Action.c(155):       </TD>\n
Action.c(155):     </TR>\n
Action.c(155):     <TR bgcolor="#EFF2F7">\n
Action.c(155):       <TD COLSPAN="3">\n
Action.c(155):       <b>Flight Details:</b><BR/>  <center>\n
Action.c(155):       09/21/2020\n
Action.c(155):      :  8am : Flight 120 leaves Frankfurt  for London.<br>  </center>\n
Action.c(155):       </TD>\n
Action.c(155):     </TR>\n
Action.c(155):     \n
Action.c(155):     <TR bgcolor="#EFF2F7">\n
Action.c(155):       <TD COLSPAN="4">\n
Action.c(155):       <hr/>\n
Action.c(155):       </TD>\n
Action.c(155):     </TR>\n
Action.c(155):     \n
Action.c(155):     <!-- Flight #1 -->\n
Action.c(155):     <TR bgcolor="#EFF2F7">\n
Action.c(155):       <TD width="5%" rowspan="2" align="left" valign="top">\n
Action.c(155):     <b>\n
Action.c(155):     <label><input type="checkbox" name="70" value="on" /></label></font></b>\n
Action.c(155):     <input type="hidden" name="flightID" value="49041495-53875-jb"  />\n
Action.c(155):       </TD>\n
Action.c(155):       <TD width="45%" valign="top">\n
Action.c(155):           <b>&nbsp;&nbsp;A Business class ticket for :</b><br/>\n
Action.c(155):           <center><table border="0" width="85%"><tr><td>\n
Action.c(155):           <li><i>jojo bean\n
Action.c(155):           <li><i></i>\n
Action.c(155):           </td></tr></table></center>\n
Action.c(155):       </TD>\n
Action.c(155):       <TD width="5%" >.<br/>.<br/>.<br/>.</TD>\n
Action.c(155):       <TD width="45%" valign=top><b>Invoice sent to:</b><br/>\n
Action.c(155):           <center>\n
Action.c(155):           <Table width="80%" cellspacing="0" > <tr> <td>\n
Action.c(155):               jojo bean\n
Action.c(155):     <br/>\n
Action.c(155):               Perm<br/>\n
Action.c(155):               614109<br/>\n
Action.c(155):               <br/>\n
Action.c(155):               Total Charge: $ 385 <BR/> (CC: x-1324)\n
Action.c(155):           </td> </tr> </table>\n
Action.c(155):           </center>\n
Action.c(155):       </TD>\n
Action.c(155):     </TR>\n
Action.c(155):     <TR bgcolor="#EFF2F7">\n
Action.c(155):       <TD COLSPAN="3">\n
Action.c(155):       <b>Flight Details:</b><BR/>  <center>\n
Action.c(155):       09/21/2020\n
Action.c(155):      :  8am : Flight 120 leaves Frankfurt  for London.<br>  </center>\n
Action.c(155):       </TD>\n
Action.c(155):     </TR>\n
Action.c(155):     \n
Action.c(155):     <TR bgcolor="#EFF2F7">\n
Action.c(155):       <TD COLSPAN="4">\n
Action.c(155):       <hr/>\n
Action.c(155):       </TD>\n
Action.c(155):     </TR>\n
Action.c(155):     \n
Action.c(155):     <!-- Flight #1 -->\n
Action.c(155):     <TR bgcolor="#EFF2F7">\n
Action.c(155):       <TD width="5%" rowspan="2" align="left" valign="top">\n
Action.c(155):     <b>\n
Action.c(155):     <label><input type="checkbox" name="71" value="on" /></label></font></b>\n
Action.c(155):     <input type="hidden" name="flightID" value="49041495-54645-jb"  />\n
Action.c(155):       </TD>\n
Action.c(155):       <TD width="45%" valign="top">\n
Action.c(155):           <b>&nbsp;&nbsp;A Business class ticket for :</b><br/>\n
Action.c(155):           <center><table border="0" width="85%"><tr><td>\n
Action.c(155):           <li><i>jojo bean\n
Action.c(155):           <li><i></i>\n
Action.c(155):           </td></tr></table></center>\n
Action.c(155):       </TD>\n
Action.c(155):       <TD width="5%" >.<br/>.<br/>.<br/>.</TD>\n
Action.c(155):       <TD width="45%" valign=top><b>Invoice sent to:</b><br/>\n
Action.c(155):           <center>\n
Action.c(155):           <Table width="80%" cellspacing="0" > <tr> <td>\n
Action.c(155):               jojo bean\n
Action.c(155):     <br/>\n
Action.c(155):               Perm<br/>\n
Action.c(155):               614109<br/>\n
Action.c(155):               <br/>\n
Action.c(155):               Total Charge: $ 385 <BR/> (CC: x-1324)\n
Action.c(155):           </td> </tr> </table>\n
Action.c(155):           </center>\n
Action.c(155):       </TD>\n
Action.c(155):     </TR>\n
Action.c(155):     <TR bgcolor="#EFF2F7">\n
Action.c(155):       <TD COLSPAN="3">\n
Action.c(155):       <b>Flight Details:</b><BR/>  <center>\n
Action.c(155):       09/21/2020\n
Action.c(155):      :  8am : Flight 120 leaves Frankfurt  for London.<br>  </center>\n
Action.c(155):       </TD>\n
Action.c(155):     </TR>\n
Action.c(155):     \n
Action.c(155):     <TR bgcolor="#EFF2F7">\n
Action.c(155):       <TD COLSPAN="4">\n
Action.c(155):       <hr/>\n
Action.c(155):       </TD>\n
Action.c(155):     </TR>\n
Action.c(155):     \n
Action.c(155):     <!-- Flight #1 -->\n
Action.c(155):     <TR bgcolor="#EFF2F7">\n
Action.c(155):       <TD width="5%" rowspan="2" align="left" valign="top">\n
Action.c(155):     <b>\n
Action.c(155):     <label><input type="checkbox" name="72" value="on" /></label></font></b>\n
Action.c(155):     <input type="hidden" name="flightID" value="49041495-55414-
Action.c(155): Notify: Saving Parameter "flight_ID_61 = 49037434-46978-jb".	[MsgId: MMSG-13798]
Action.c(155): Notify: Saving Parameter "flight_ID_62 = 49037434-47747-jb".	[MsgId: MMSG-13798]
Action.c(155): Notify: Saving Parameter "flight_ID_63 = 49037434-48517-jb".	[MsgId: MMSG-13798]
Action.c(155): Notify: Saving Parameter "flight_ID_64 = 49037434-49286-jb".	[MsgId: MMSG-13798]
Action.c(155): Notify: Saving Parameter "flight_ID_65 = 49037434-50055-jb".	[MsgId: MMSG-13798]
Action.c(155): Notify: Saving Parameter "flight_ID_66 = 49037434-50824-jb".	[MsgId: MMSG-13798]
Action.c(155): Notify: Saving Parameter "flight_ID_67 = 49037434-51594-jb".	[MsgId: MMSG-13798]
Action.c(155): Notify: Saving Parameter "flight_ID_68 = 49037434-52363-jb".	[MsgId: MMSG-13798]
Action.c(155): Notify: Saving Parameter "flight_ID_69 = 49041495-53106-jb".	[MsgId: MMSG-13798]
Action.c(155): Notify: Saving Parameter "flight_ID_70 = 49041495-53875-jb".	[MsgId: MMSG-13798]
Action.c(155): Notify: Saving Parameter "flight_ID_71 = 49041495-54645-jb".	[MsgId: MMSG-13798]
Action.c(155): t=18554ms: 8-byte chunked response overhead for "http://localhost:1080/cgi-bin/itinerary.pl" (RelFrameId=, Internal ID=25)
Action.c(155):     \r\n
Action.c(155):     1000\r\n
Action.c(155): t=18554ms: 8-byte chunked response overhead for "http://localhost:1080/cgi-bin/itinerary.pl" (RelFrameId=, Internal ID=25)
Action.c(155):     \r\n
Action.c(155):     1000\r\n
Action.c(155): t=18554ms: 8-byte chunked response overhead for "http://localhost:1080/cgi-bin/itinerary.pl" (RelFrameId=, Internal ID=25)
Action.c(155):     \r\n
Action.c(155):     1000\r\n
Action.c(155): t=18554ms: 12263-byte chunked response body for "http://localhost:1080/cgi-bin/itinerary.pl" (RelFrameId=, Internal ID=25)
Action.c(155):     jb"  />\n
Action.c(155):       </TD>\n
Action.c(155):       <TD width="45%" valign="top">\n
Action.c(155):           <b>&nbsp;&nbsp;A Business class ticket for :</b><br/>\n
Action.c(155):           <center><table border="0" width="85%"><tr><td>\n
Action.c(155):           <li><i>jojo bean\n
Action.c(155):           <li><i></i>\n
Action.c(155):           </td></tr></table></center>\n
Action.c(155):       </TD>\n
Action.c(155):       <TD width="5%" >.<br/>.<br/>.<br/>.</TD>\n
Action.c(155):       <TD width="45%" valign=top><b>Invoice sent to:</b><br/>\n
Action.c(155):           <center>\n
Action.c(155):           <Table width="80%" cellspacing="0" > <tr> <td>\n
Action.c(155):               jojo bean\n
Action.c(155):     <br/>\n
Action.c(155):               Perm<br/>\n
Action.c(155):               614109<br/>\n
Action.c(155):               <br/>\n
Action.c(155):               Total Charge: $ 385 <BR/> (CC: x-1324)\n
Action.c(155):           </td> </tr> </table>\n
Action.c(155):           </center>\n
Action.c(155):       </TD>\n
Action.c(155):     </TR>\n
Action.c(155):     <TR bgcolor="#EFF2F7">\n
Action.c(155):       <TD COLSPAN="3">\n
Action.c(155):       <b>Flight Details:</b><BR/>  <center>\n
Action.c(155):       09/21/2020\n
Action.c(155):      :  8am : Flight 120 leaves Frankfurt  for London.<br>  </center>\n
Action.c(155):       </TD>\n
Action.c(155):     </TR>\n
Action.c(155):     \n
Action.c(155):     <TR bgcolor="#EFF2F7">\n
Action.c(155):       <TD COLSPAN="4">\n
Action.c(155):       <hr/>\n
Action.c(155):       </TD>\n
Action.c(155):     </TR>\n
Action.c(155):     \n
Action.c(155):     <!-- Flight #1 -->\n
Action.c(155):     <TR bgcolor="#EFF2F7">\n
Action.c(155):       <TD width="5%" rowspan="2" align="left" valign="top">\n
Action.c(155):     <b>\n
Action.c(155):     <label><input type="checkbox" name="73" value="on" /></label></font></b>\n
Action.c(155):     <input type="hidden" name="flightID" value="49041495-56183-jb"  />\n
Action.c(155):       </TD>\n
Action.c(155):       <TD width="45%" valign="top">\n
Action.c(155):           <b>&nbsp;&nbsp;A Business class ticket for :</b><br/>\n
Action.c(155):           <center><table border="0" width="85%"><tr><td>\n
Action.c(155):           <li><i>jojo bean\n
Action.c(155):           <li><i></i>\n
Action.c(155):           </td></tr></table></center>\n
Action.c(155):       </TD>\n
Action.c(155):       <TD width="5%" >.<br/>.<br/>.<br/>.</TD>\n
Action.c(155):       <TD width="45%" valign=top><b>Invoice sent to:</b><br/>\n
Action.c(155):           <center>\n
Action.c(155):           <Table width="80%" cellspacing="0" > <tr> <td>\n
Action.c(155):               jojo bean\n
Action.c(155):     <br/>\n
Action.c(155):               Perm<br/>\n
Action.c(155):               614109<br/>\n
Action.c(155):               <br/>\n
Action.c(155):               Total Charge: $ 385 <BR/> (CC: x-1324)\n
Action.c(155):           </td> </tr> </table>\n
Action.c(155):           </center>\n
Action.c(155):       </TD>\n
Action.c(155):     </TR>\n
Action.c(155):     <TR bgcolor="#EFF2F7">\n
Action.c(155):       <TD COLSPAN="3">\n
Action.c(155):       <b>Flight Details:</b><BR/>  <center>\n
Action.c(155):       09/21/2020\n
Action.c(155):      :  8am : Flight 120 leaves Frankfurt  for London.<br>  </center>\n
Action.c(155):       </TD>\n
Action.c(155):     </TR>\n
Action.c(155):     \n
Action.c(155):     <TR bgcolor="#EFF2F7">\n
Action.c(155):       <TD COLSPAN="4">\n
Action.c(155):       <hr/>\n
Action.c(155):       </TD>\n
Action.c(155):     </TR>\n
Action.c(155):     \n
Action.c(155):     <!-- Flight #1 -->\n
Action.c(155):     <TR bgcolor="#EFF2F7">\n
Action.c(155):       <TD width="5%" rowspan="2" align="left" valign="top">\n
Action.c(155):     <b>\n
Action.c(155):     <label><input type="checkbox" name="74" value="on" /></label></font></b>\n
Action.c(155):     <input type="hidden" name="flightID" value="49041495-56952-jb"  />\n
Action.c(155):       </TD>\n
Action.c(155):       <TD width="45%" valign="top">\n
Action.c(155):           <b>&nbsp;&nbsp;A Business class ticket for :</b><br/>\n
Action.c(155):           <center><table border="0" width="85%"><tr><td>\n
Action.c(155):           <li><i>jojo bean\n
Action.c(155):           <li><i></i>\n
Action.c(155):           </td></tr></table></center>\n
Action.c(155):       </TD>\n
Action.c(155):       <TD width="5%" >.<br/>.<br/>.<br/>.</TD>\n
Action.c(155):       <TD width="45%" valign=top><b>Invoice sent to:</b><br/>\n
Action.c(155):           <center>\n
Action.c(155):           <Table width="80%" cellspacing="0" > <tr> <td>\n
Action.c(155):               jojo bean\n
Action.c(155):     <br/>\n
Action.c(155):               Perm<br/>\n
Action.c(155):               614109<br/>\n
Action.c(155):               <br/>\n
Action.c(155):               Total Charge: $ 385 <BR/> (CC: x-1324)\n
Action.c(155):           </td> </tr> </table>\n
Action.c(155):           </center>\n
Action.c(155):       </TD>\n
Action.c(155):     </TR>\n
Action.c(155):     <TR bgcolor="#EFF2F7">\n
Action.c(155):       <TD COLSPAN="3">\n
Action.c(155):       <b>Flight Details:</b><BR/>  <center>\n
Action.c(155):       09/21/2020\n
Action.c(155):      :  8am : Flight 120 leaves Frankfurt  for London.<br>  </center>\n
Action.c(155):       </TD>\n
Action.c(155):     </TR>\n
Action.c(155):     \n
Action.c(155):     <TR bgcolor="#EFF2F7">\n
Action.c(155):       <TD COLSPAN="4">\n
Action.c(155):       <hr/>\n
Action.c(155):       </TD>\n
Action.c(155):     </TR>\n
Action.c(155):     \n
Action.c(155):     <!-- Flight #1 -->\n
Action.c(155):     <TR bgcolor="#EFF2F7">\n
Action.c(155):       <TD width="5%" rowspan="2" align="left" valign="top">\n
Action.c(155):     <b>\n
Action.c(155):     <label><input type="checkbox" name="75" value="on" /></label></font></b>\n
Action.c(155):     <input type="hidden" name="flightID" value="49041495-57721-jb"  />\n
Action.c(155):       </TD>\n
Action.c(155):       <TD width="45%" valign="top">\n
Action.c(155):           <b>&nbsp;&nbsp;A Business class ticket for :</b><br/>\n
Action.c(155):           <center><table border="0" width="85%"><tr><td>\n
Action.c(155):           <li><i>jojo bean\n
Action.c(155):           <li><i></i>\n
Action.c(155):           </td></tr></table></center>\n
Action.c(155):       </TD>\n
Action.c(155):       <TD width="5%" >.<br/>.<br/>.<br/>.</TD>\n
Action.c(155):       <TD width="45%" valign=top><b>Invoice sent to:</b><br/>\n
Action.c(155):           <center>\n
Action.c(155):           <Table width="80%" cellspacing="0" > <tr> <td>\n
Action.c(155):               jojo bean\n
Action.c(155):     <br/>\n
Action.c(155):               Perm<br/>\n
Action.c(155):               614109<br/>\n
Action.c(155):               <br/>\n
Action.c(155):               Total Charge: $ 385 <BR/> (CC: x-1324)\n
Action.c(155):           </td> </tr> </table>\n
Action.c(155):           </center>\n
Action.c(155):       </TD>\n
Action.c(155):     </TR>\n
Action.c(155):     <TR bgcolor="#EFF2F7">\n
Action.c(155):       <TD COLSPAN="3">\n
Action.c(155):       <b>Flight Details:</b><BR/>  <center>\n
Action.c(155):       09/21/2020\n
Action.c(155):      :  8am : Flight 120 leaves Frankfurt  for London.<br>  </center>\n
Action.c(155):       </TD>\n
Action.c(155):     </TR>\n
Action.c(155):     \n
Action.c(155):     <TR bgcolor="#EFF2F7">\n
Action.c(155):       <TD COLSPAN="4">\n
Action.c(155):       <hr/>\n
Action.c(155):       </TD>\n
Action.c(155):     </TR>\n
Action.c(155):     \n
Action.c(155):     <!-- Flight #1 -->\n
Action.c(155):     <TR bgcolor="#EFF2F7">\n
Action.c(155):       <TD width="5%" rowspan="2" align="left" valign="top">\n
Action.c(155):     <b>\n
Action.c(155):     <label><input type="checkbox" name="76" value="on" /></label></font></b>\n
Action.c(155):     <input type="hidden" name="flightID" value="49041495-58491-jb"  />\n
Action.c(155):       </TD>\n
Action.c(155):       <TD width="45%" valign="top">\n
Action.c(155):           <b>&nbsp;&nbsp;A Business class ticket for :</b><br/>\n
Action.c(155):           <center><table border="0" width="85%"><tr><td>\n
Action.c(155):           <li><i>jojo bean\n
Action.c(155):           <li><i></i>\n
Action.c(155):           </td></tr></table></center>\n
Action.c(155):       </TD>\n
Action.c(155):       <TD width="5%" >.<br/>.<br/>.<br/>.</TD>\n
Action.c(155):       <TD width="45%" valign=top><b>Invoice sent to:</b><br/>\n
Action.c(155):           <center>\n
Action.c(155):           <Table width="80%" cellspacing="0" > <tr> <td>\n
Action.c(155):               jojo bean\n
Action.c(155):     <br/>\n
Action.c(155):               Perm<br/>\n
Action.c(155):               614109<br/>\n
Action.c(155):               <br/>\n
Action.c(155):               Total Charge: $ 385 <BR/> (CC: x-1324)\n
Action.c(155):           </td> </tr> </table>\n
Action.c(155):           </center>\n
Action.c(155):       </TD>\n
Action.c(155):     </TR>\n
Action.c(155):     <TR bgcolor="#EFF2F7">\n
Action.c(155):       <TD COLSPAN="3">\n
Action.c(155):       <b>Flight Details:</b><BR/>  <center>\n
Action.c(155):       09/21/2020\n
Action.c(155):      :  8am : Flight 120 leaves Frankfurt  for London.<br>  </center>\n
Action.c(155):       </TD>\n
Action.c(155):     </TR>\n
Action.c(155):     \n
Action.c(155):     <TR bgcolor="#EFF2F7">\n
Action.c(155):       <TD COLSPAN="4">\n
Action.c(155):       <hr/>\n
Action.c(155):       </TD>\n
Action.c(155):     </TR>\n
Action.c(155):     \n
Action.c(155):     <!-- Flight #1 -->\n
Action.c(155):     <TR bgcolor="#EFF2F7">\n
Action.c(155):       <TD width="5%" rowspan="2" align="left" valign="top">\n
Action.c(155):     <b>\n
Action.c(155):     <label><input type="checkbox" name="77" value="on" /></label></font></b>\n
Action.c(155):     <input type="hidden" name="flightID" value="49041495-59260-jb"  />\n
Action.c(155):       </TD>\n
Action.c(155):       <TD width="45%" valign="top">\n
Action.c(155):           <b>&nbsp;&nbsp;A Business class ticket for :</b><br/>\n
Action.c(155):           <center><table border="0" width="85%"><tr><td>\n
Action.c(155):           <li><i>jojo bean\n
Action.c(155):           <li><i></i>\n
Action.c(155):           </td></tr></table></center>\n
Action.c(155):       </TD>\n
Action.c(155):       <TD width="5%" >.<br/>.<br/>.<br/>.</TD>\n
Action.c(155):       <TD width="45%" valign=top><b>Invoice sent to:</b><br/>\n
Action.c(155):           <center>\n
Action.c(155):           <Table width="80%" cellspacing="0" > <tr> <td>\n
Action.c(155):               jojo bean\n
Action.c(155):     <br/>\n
Action.c(155):               Perm<br/>\n
Action.c(155):               614109<br/>\n
Action.c(155):               <br/>\n
Action.c(155):               Total Charge: $ 385 <BR/> (CC: x-1324)\n
Action.c(155):           </td> </tr> </table>\n
Action.c(155):           </center>\n
Action.c(155):       </TD>\n
Action.c(155):     </TR>\n
Action.c(155):     <TR bgcolor="#EFF2F7">\n
Action.c(155):       <TD COLSPAN="3">\n
Action.c(155):       <b>Flight Details:</b><BR/>  <center>\n
Action.c(155):       09/21/2020\n
Action.c(155):      :  8am : Flight 120 leaves Frankfurt  for London.<br>  </center>\n
Action.c(155):       </TD>\n
Action.c(155):     </TR>\n
Action.c(155):     \n
Action.c(155):     <TR bgcolor="#EFF2F7">\n
Action.c(155):       <TD COLSPAN="4">\n
Action.c(155):       <hr/>\n
Action.c(155):       </TD>\n
Action.c(155):     </TR>\n
Action.c(155):     \n
Action.c(155):     <!-- Flight #1 -->\n
Action.c(155):     <TR bgcolor="#EFF2F7">\n
Action.c(155):       <TD width="5%" rowspan="2" align="left" valign="top">\n
Action.c(155):     <b>\n
Action.c(155):     <label><input type="checkbox" name="78" value="on" /></label></font></b>\n
Action.c(155):     <input type="hidden" name="flightID" value="49041495-60029-jb"  />\n
Action.c(155):       </TD>\n
Action.c(155):       <TD width="45%" valign="top">\n
Action.c(155):           <b>&nbsp;&nbsp;A Business class ticket for :</b><br/>\n
Action.c(155):           <center><table border="0" width="85%"><tr><td>\n
Action.c(155):           <li><i>jojo bean\n
Action.c(155):           <li><i></i>\n
Action.c(155):           </td></tr></table></center>\n
Action.c(155):       </TD>\n
Action.c(155):       <TD width="5%" >.<br/>.<br/>.<br/>.</TD>\n
Action.c(155):       <TD width="45%" valign=top><b>Invoice sent to:</b><br/>\n
Action.c(155):           <center>\n
Action.c(155):           <Table width="80%" cellspacing="0" > <tr> <td>\n
Action.c(155):               jojo bean\n
Action.c(155):     <br/>\n
Action.c(155):               Perm<br/>\n
Action.c(155):               614109<br/>\n
Action.c(155):               <br/>\n
Action.c(155):               Total Charge: $ 385 <BR/> (CC: x-1324)\n
Action.c(155):           </td> </tr> </table>\n
Action.c(155):           </center>\n
Action.c(155):       </TD>\n
Action.c(155):     </TR>\n
Action.c(155):     <TR bgcolor="#EFF2F7">\n
Action.c(155):       <TD COLSPAN="3">\n
Action.c(155):       <b>Flight Details:</b><BR/>  <center>\n
Action.c(155):       09/21/2020\n
Action.c(155):      :  8am : Flight 120 leaves Frankfurt  for London.<br>  </center>\n
Action.c(155):       </TD>\n
Action.c(155):     </TR>\n
Action.c(155):     \n
Action.c(155):     <TR bgcolor="#EFF2F7">\n
Action.c(155):       <TD COLSPAN="4">\n
Action.c(155):       <hr/>\n
Action.c(155):       </TD>\n
Action.c(155):     </TR>\n
Action.c(155):     \n
Action.c(155):     <!-- Flight #1 -->\n
Action.c(155):     <TR bgcolor="#EFF2F7">\n
Action.c(155):       <TD width="5%" rowspan="2" align="left" valign="top">\n
Action.c(155):     <b>\n
Action.c(155):     <label><input type="checkbox" name="79" value="on" /></label></font></b>\n
Action.c(155):     <input type="hidden" name="flightID" value="49045584-60828-jb"  />\n
Action.c(155):       </TD>\n
Action.c(155):       <TD width="45%" valign="top">\n
Action.c(155):           <b>&nbsp;&nbsp;A Coach class ticket for :</b><br/>\n
Action.c(155):           <center><table border="0" width="85%"><tr><td>\n
Action.c(155):           <li><i>jojo bean\n
Action.c(155):           <li><i></i>\n
Action.c(155):           </td></tr></table></center>\n
Action.c(155):       </TD>\n
Action.c(155):       <TD width="5%" >.<br/>.<br/>.<br/>.</TD>\n
Action.c(155):       <TD width="45%" valign=top><b>Invoice sent to:</b><br/>\n
Action.c(155):           <center>\n
Action.c(155):           <Table width="80%" cellspacing="0" > <tr> <td>\n
Action.c(155):               jojo bean\n
Action.c(155):     <br/>\n
Action.c(155):               Perm<br/>\n
Action.c(155):               614109<br/>\n
Action.c(155):               <br/>\n
Action.c(155):               Total Charge: $ 773 <BR/> (CC: x-1324)\n
Action.c(155):           </td> </tr> </table>\n
Action.c(155):           </center>\n
Action.c(155):       </TD>\n
Action.c(155):     </TR>\n
Action.c(155):     <TR bgcolor="#EFF2F7">\n
Action.c(155):       <TD COLSPAN="3">\n
Action.c(155):       <b>Flight Details:</b><BR/>  <center>\n
Action.c(155):       09/21/2020\n
Action.c(155):      :  8am : Flight 230 leaves London  for Los Angeles.<br>  </center>\n
Action.c(155):       </TD>\n
Action.c(155):     </TR>\n
Action.c(155):     \n
Action.c(155):     <TR bgcolor="#EFF2F7">\n
Action.c(155):       <TD COLSPAN="4">\n
Action.c(155):       <hr/>\n
Action.c(155):       </TD>\n
Action.c(155):     </TR>\n
Action.c(155):     \n
Action.c(155):     <!-- Flight #1 -->\n
Action.c(155):     <TR bgcolor="#EFF2F7">\n
Action.c(155):       <TD width="5%" rowspan="2" align="left" valign="top">\n
Action.c(155):     <b>\n
Action.c(155):     <label><input type="checkbox" name="80" value="on" /></label></font></b>\n
Action.c(155):     <input type="hidden" name="flightID" value="49045584-61597-jb"  />\n
Action.c(155):       </TD>\n
Action.c(155):       <TD width="45%" valign="top">\n
Action.c(155):           <b>&nbsp;&nbsp;A Coach class ticket for :</b><br/>\n
Action.c(155):           <center><table border="0" width="85%"><tr><td>\n
Action.c(155):           <li><i>jojo bean\n
Action.c(155):           <li><i></i>\n
Action.c(155):           </td></tr></table></center>\n
Action.c(155):       </TD>\n
Action.c(155):       <TD width="5%" >.<br/>.<br/>.<br/>.</TD>\n
Action.c(155):       <TD width="45%" valign=top><b>Invoice sent to:</b><br/>\n
Action.c(155):           <center>\n
Action.c(155):           <Table width="80%" cellspacing="0" > <tr> <td>\n
Action.c(155):               jojo bean\n
Action.c(155):     <br/>\n
Action.c(155):               Perm<br/>\n
Action.c(155):               614109<br/>\n
Action.c(155):               <br/>\n
Action.c(155):               Total Charge: $ 773 <BR/> (CC: x-1324)\n
Action.c(155):           </td> </tr> </table>\n
Action.c(155):           </center>\n
Action.c(155):       </TD>\n
Action.c(155):     </TR>\n
Action.c(155):     <TR bgcolor="#EFF2F7">\n
Action.c(155):       <TD COLSPAN="3">\n
Action.c(155):       <b>Flight Details:</b><BR/>  <center>\n
Action.c(155):       09/21/2020\n
Action.c(155):      :  8am : Flight 230 leaves London  for Los Angeles.<br>  </center>\n
Action.c(155):       </TD>\n
Action.c(155):     </TR>\n
Action.c(155):     \n
Action.c(155):     <TR bgcolor="#EFF2F7">\n
Action.c(155):       <TD COLSPAN="4">\n
Action.c(155):       <hr/>\n
Action.c(155):       </TD>\n
Action.c(155):     </TR>\n
Action.c(155):     \n
Action.c(155):     <!-- Flight #1 -->\n
Action.c(155):     <TR bgcolor="#EFF2F7">\n
Action.c(155):       <TD width="5%" rowspan="2" align="left" valign="top">\n
Action.c(155):     <b>\n
Action.c(155):     <label><input type="checkbox" name="81" value="on" /></label></font></b>\n
Action.c(155):     <input type="hidden" name="flightID" value="49045584-62367-jb"  />\n
Action.c(155):       </TD>\n
Action.c(155):       <TD width="45%" valign="top">\n
Action.c(155):           <b>&nbsp;&nbsp;A Coach class ticket for :</b><br/>\n
Action.c(155):           <center><table border="0" width="85%"><tr><td>\n
Action.c(155):           <li><i>jojo bean\n
Action.c(155):           <li><i></i>\n
Action.c(155):           </td></tr></table></center>\n
Action.c(155):       </TD>\n
Action.c(155):       <TD width="5%" >.<br/>.<br/>.<br/>.</TD>\n
Action.c(155):       <TD width="45%" valign=top><b>Invoice sent to:</b><br/>\n
Action.c(155):           <center>\n
Action.c(155):           <Table width="80%" cellspacing="0" > <tr> <td>\n
Action.c(155):               jojo bean\n
Action.c(155):     <br/>\n
Action.c(155):               Perm<br/>\n
Action.c(155):               614109<br/>\n
Action.c(155):               <br/>\n
Action.c(155):               Total Charge: $ 773 <BR/> (CC: x-1324)\n
Action.c(155):           </td> </tr> </table>\n
Action.c(155):           </center>\n
Action.c(155):       </TD>\n
Action.c(155):     </TR>\n
Action.c(155):     <TR bgcolor="#EFF2F7">\n
Action.c(155):       <TD COLSPAN="3">\n
Action.c(155):       <b>Flight Details:</b><BR/>  <center>\n
Action.c(155):       09/21/2020\n
Action.c(155):      :  8am : Flight 230 leaves London  for Los Angeles.<br>  </center>\n
Action.c(155):       </TD>\n
Action.c(155):     </TR>\n
Action.c(155):     \n
Action.c(155):     <TR bgcolor="#EFF2F7">\n
Action.c(155):       <TD COLSPAN="4">\n
Action.c(155):       <hr/>\n
Action.c(155):       </TD>\n
Action.c(155):     </TR>\n
Action.c(155):     \n
Action.c(155):     <!-- Flight #1 -->\n
Action.c(155):     <TR bgcolor="#EFF2F7">\n
Action.c(155):       <TD width="5%" rowspan="2" align="left" valign="top">\n
Action.c(155):     <b>\n
Action.c(155):     <label><input type="checkbox" name="82" value="on" /></label></font></b>\n
Action.c(155):     <input type="hidden" name="flightID" value="49045584-63136-jb"  />\n
Action.c(155):       </TD>\n
Action.c(155):       <TD width="45%" valign="top">\n
Action.c(155):           <b>&nbsp;&nbsp;A Coach class ticket for :</b><br/>\n
Action.c(155):           <center><table border="0" width="85%"><tr><td>\n
Action.c(155):           <li><i>jojo bean\n
Action.c(155):           <li><i></i>\n
Action.c(155):           </td></tr></table></center>\n
Action.c(155):       </TD>\n
Action.c(155):       <TD width="5%" >.<br/>.<br/>.<br/>.</TD>\n
Action.c(155):       <TD width="45%" valign=top><b>Invoice sent to:</b><br/>\n
Action.c(155):           <center>\n
Action.c(155):           <Table width="80%" cellspacing="0" > <tr> <td>\n
Action.c(155):               jojo bean\n
Action.c(155):     <br/>\n
Action.c(155):               Perm<br/>\n
Action.c(155):               614109<br/>\n
Action.c(155):               <br/>\n
Action.c(155):               Total Charge: $ 773 <BR/> (CC: x-1324)\n
Action.c(155):           </td> </tr> </table>\n
Action.c(155):           </center>\n
Action.c(155):       </TD>\n
Action.c(155):     </TR>\n
Action.c(155):     <TR bgcolor="#EFF2F7">\n
Action.c(155):       <TD COLSPAN="3">\n
Action.c(155):       <b>Flight Details:</b><BR/>  <center>\n
Action.c(155):       09/21/2020\n
Action.c(155):      :  8am : Flight 230 leaves London  for Los Angeles.<br>  </center>\n
Action.c(155):       </TD>\n
Action.c(155):     </TR>\n
Action.c(155):     \n
Action.c(155):     <TR bgcolor="#EFF2F7">\n
Action.c(155):       <TD COLSPAN="4">\n
Action.c(155):       <hr/>\n
Action.c(155):       </TD>\n
Action.c(155):     </TR>\n
Action.c(155):     \n
Action.c(155):     <!-- Flight #1 -->\n
Action.c(155):     <TR bgcolor="#EFF2F7">\n
Action.c(155):       <TD width="5%" rowspan="2" align="left" valign="top">\n
Action.c(155):     <b>\n
Action.c(155):     <label><input type="checkbox" name="83" value="on" /></label></font></b>\n
Action.c(155):     <input type="hidden" name="flightID" value="49045584-63905-jb"  />\n
Action.c(155):       </TD>\n
Action.c(155):       <TD width="45%" valign="top">\n
Action.c(155):           <b>&nbsp;&nbsp;A Coach class ticket for :</b><br/>\n
Action.c(155):           <center><table border="0" width="85%"><tr><td>\n
Action.c(155):           <li><i>jojo bean\n
Action.c(155):           <li><i></i>\n
Action.c(155):           </td></tr></table></center>\n
Action.c(155):       </TD>\n
Action.c(155):       <TD width="5%" >.<br/>.<br/>.<br/>.</TD>\n
Action.c(155):       <TD width="45%" valign=top><b>Invoice sent to:</b><br/>\n
Action.c(155):           <center>\n
Action.c(155):           <Table width="80%" cellspacing="0" > <tr> <td>
Action.c(155): Notify: Saving Parameter "flight_ID_72 = 49041495-55414-jb".	[MsgId: MMSG-13798]
Action.c(155): Notify: Saving Parameter "flight_ID_73 = 49041495-56183-jb".	[MsgId: MMSG-13798]
Action.c(155): Notify: Saving Parameter "flight_ID_74 = 49041495-56952-jb".	[MsgId: MMSG-13798]
Action.c(155): Notify: Saving Parameter "flight_ID_75 = 49041495-57721-jb".	[MsgId: MMSG-13798]
Action.c(155): Notify: Saving Parameter "flight_ID_76 = 49041495-58491-jb".	[MsgId: MMSG-13798]
Action.c(155): Notify: Saving Parameter "flight_ID_77 = 49041495-59260-jb".	[MsgId: MMSG-13798]
Action.c(155): Notify: Saving Parameter "flight_ID_78 = 49041495-60029-jb".	[MsgId: MMSG-13798]
Action.c(155): Notify: Saving Parameter "flight_ID_79 = 49045584-60828-jb".	[MsgId: MMSG-13798]
Action.c(155): Notify: Saving Parameter "flight_ID_80 = 49045584-61597-jb".	[MsgId: MMSG-13798]
Action.c(155): Notify: Saving Parameter "flight_ID_81 = 49045584-62367-jb".	[MsgId: MMSG-13798]
Action.c(155): Notify: Saving Parameter "flight_ID_82 = 49045584-63136-jb".	[MsgId: MMSG-13798]
Action.c(155): Notify: Saving Parameter "flight_ID_83 = 49045584-63905-jb".	[MsgId: MMSG-13798]
Action.c(155): t=18564ms: 8-byte chunked response overhead for "http://localhost:1080/cgi-bin/itinerary.pl" (RelFrameId=, Internal ID=25)
Action.c(155):     \r\n
Action.c(155):     1000\r\n
Action.c(155): t=18565ms: 8-byte chunked response overhead for "http://localhost:1080/cgi-bin/itinerary.pl" (RelFrameId=, Internal ID=25)
Action.c(155):     \r\n
Action.c(155):     1000\r\n
Action.c(155): t=18565ms: 7-byte chunked response overhead for "http://localhost:1080/cgi-bin/itinerary.pl" (RelFrameId=, Internal ID=25)
Action.c(155):     \r\n
Action.c(155):     5c7\r\n
Action.c(155): t=18565ms: 7-byte chunked response overhead for "http://localhost:1080/cgi-bin/itinerary.pl" (RelFrameId=, Internal ID=25)
Action.c(155):     \r\n
Action.c(155):     0\r\n
Action.c(155):     \r\n
Action.c(155): t=18565ms: 9844-byte chunked response body for "http://localhost:1080/cgi-bin/itinerary.pl" (RelFrameId=, Internal ID=25)
Action.c(155):     \n
Action.c(155):               jojo bean\n
Action.c(155):     <br/>\n
Action.c(155):               Perm<br/>\n
Action.c(155):               614109<br/>\n
Action.c(155):               <br/>\n
Action.c(155):               Total Charge: $ 773 <BR/> (CC: x-1324)\n
Action.c(155):           </td> </tr> </table>\n
Action.c(155):           </center>\n
Action.c(155):       </TD>\n
Action.c(155):     </TR>\n
Action.c(155):     <TR bgcolor="#EFF2F7">\n
Action.c(155):       <TD COLSPAN="3">\n
Action.c(155):       <b>Flight Details:</b><BR/>  <center>\n
Action.c(155):       09/21/2020\n
Action.c(155):      :  8am : Flight 230 leaves London  for Los Angeles.<br>  </center>\n
Action.c(155):       </TD>\n
Action.c(155):     </TR>\n
Action.c(155):     \n
Action.c(155):     <TR bgcolor="#EFF2F7">\n
Action.c(155):       <TD COLSPAN="4">\n
Action.c(155):       <hr/>\n
Action.c(155):       </TD>\n
Action.c(155):     </TR>\n
Action.c(155):     \n
Action.c(155):     <!-- Flight #1 -->\n
Action.c(155):     <TR bgcolor="#EFF2F7">\n
Action.c(155):       <TD width="5%" rowspan="2" align="left" valign="top">\n
Action.c(155):     <b>\n
Action.c(155):     <label><input type="checkbox" name="84" value="on" /></label></font></b>\n
Action.c(155):     <input type="hidden" name="flightID" value="49045584-64674-jb"  />\n
Action.c(155):       </TD>\n
Action.c(155):       <TD width="45%" valign="top">\n
Action.c(155):           <b>&nbsp;&nbsp;A Coach class ticket for :</b><br/>\n
Action.c(155):           <center><table border="0" width="85%"><tr><td>\n
Action.c(155):           <li><i>jojo bean\n
Action.c(155):           <li><i></i>\n
Action.c(155):           </td></tr></table></center>\n
Action.c(155):       </TD>\n
Action.c(155):       <TD width="5%" >.<br/>.<br/>.<br/>.</TD>\n
Action.c(155):       <TD width="45%" valign=top><b>Invoice sent to:</b><br/>\n
Action.c(155):           <center>\n
Action.c(155):           <Table width="80%" cellspacing="0" > <tr> <td>\n
Action.c(155):               jojo bean\n
Action.c(155):     <br/>\n
Action.c(155):               Perm<br/>\n
Action.c(155):               614109<br/>\n
Action.c(155):               <br/>\n
Action.c(155):               Total Charge: $ 773 <BR/> (CC: x-1324)\n
Action.c(155):           </td> </tr> </table>\n
Action.c(155):           </center>\n
Action.c(155):       </TD>\n
Action.c(155):     </TR>\n
Action.c(155):     <TR bgcolor="#EFF2F7">\n
Action.c(155):       <TD COLSPAN="3">\n
Action.c(155):       <b>Flight Details:</b><BR/>  <center>\n
Action.c(155):       09/21/2020\n
Action.c(155):      :  8am : Flight 230 leaves London  for Los Angeles.<br>  </center>\n
Action.c(155):       </TD>\n
Action.c(155):     </TR>\n
Action.c(155):     \n
Action.c(155):     <TR bgcolor="#EFF2F7">\n
Action.c(155):       <TD COLSPAN="4">\n
Action.c(155):       <hr/>\n
Action.c(155):       </TD>\n
Action.c(155):     </TR>\n
Action.c(155):     \n
Action.c(155):     <!-- Flight #1 -->\n
Action.c(155):     <TR bgcolor="#EFF2F7">\n
Action.c(155):       <TD width="5%" rowspan="2" align="left" valign="top">\n
Action.c(155):     <b>\n
Action.c(155):     <label><input type="checkbox" name="85" value="on" /></label></font></b>\n
Action.c(155):     <input type="hidden" name="flightID" value="49045584-65444-jb"  />\n
Action.c(155):       </TD>\n
Action.c(155):       <TD width="45%" valign="top">\n
Action.c(155):           <b>&nbsp;&nbsp;A Coach class ticket for :</b><br/>\n
Action.c(155):           <center><table border="0" width="85%"><tr><td>\n
Action.c(155):           <li><i>jojo bean\n
Action.c(155):           <li><i></i>\n
Action.c(155):           </td></tr></table></center>\n
Action.c(155):       </TD>\n
Action.c(155):       <TD width="5%" >.<br/>.<br/>.<br/>.</TD>\n
Action.c(155):       <TD width="45%" valign=top><b>Invoice sent to:</b><br/>\n
Action.c(155):           <center>\n
Action.c(155):           <Table width="80%" cellspacing="0" > <tr> <td>\n
Action.c(155):               jojo bean\n
Action.c(155):     <br/>\n
Action.c(155):               Perm<br/>\n
Action.c(155):               614109<br/>\n
Action.c(155):               <br/>\n
Action.c(155):               Total Charge: $ 773 <BR/> (CC: x-1324)\n
Action.c(155):           </td> </tr> </table>\n
Action.c(155):           </center>\n
Action.c(155):       </TD>\n
Action.c(155):     </TR>\n
Action.c(155):     <TR bgcolor="#EFF2F7">\n
Action.c(155):       <TD COLSPAN="3">\n
Action.c(155):       <b>Flight Details:</b><BR/>  <center>\n
Action.c(155):       09/21/2020\n
Action.c(155):      :  8am : Flight 230 leaves London  for Los Angeles.<br>  </center>\n
Action.c(155):       </TD>\n
Action.c(155):     </TR>\n
Action.c(155):     \n
Action.c(155):     <TR bgcolor="#EFF2F7">\n
Action.c(155):       <TD COLSPAN="4">\n
Action.c(155):       <hr/>\n
Action.c(155):       </TD>\n
Action.c(155):     </TR>\n
Action.c(155):     \n
Action.c(155):     <!-- Flight #1 -->\n
Action.c(155):     <TR bgcolor="#EFF2F7">\n
Action.c(155):       <TD width="5%" rowspan="2" align="left" valign="top">\n
Action.c(155):     <b>\n
Action.c(155):     <label><input type="checkbox" name="86" value="on" /></label></font></b>\n
Action.c(155):     <input type="hidden" name="flightID" value="49037434-66209-jb"  />\n
Action.c(155):       </TD>\n
Action.c(155):       <TD width="45%" valign="top">\n
Action.c(155):           <b>&nbsp;&nbsp;A Firsrt class ticket for :</b><br/>\n
Action.c(155):           <center><table border="0" width="85%"><tr><td>\n
Action.c(155):           <li><i>jojo bean\n
Action.c(155):           <li><i></i>\n
Action.c(155):           </td></tr></table></center>\n
Action.c(155):       </TD>\n
Action.c(155):       <TD width="5%" >.<br/>.<br/>.<br/>.</TD>\n
Action.c(155):       <TD width="45%" valign=top><b>Invoice sent to:</b><br/>\n
Action.c(155):           <center>\n
Action.c(155):           <Table width="80%" cellspacing="0" > <tr> <td>\n
Action.c(155):               jojo bean\n
Action.c(155):     <br/>\n
Action.c(155):               Perm<br/>\n
Action.c(155):               614109<br/>\n
Action.c(155):               <br/>\n
Action.c(155):               Total Charge: $ 723 <BR/> (CC: x-1324)\n
Action.c(155):           </td> </tr> </table>\n
Action.c(155):           </center>\n
Action.c(155):       </TD>\n
Action.c(155):     </TR>\n
Action.c(155):     <TR bgcolor="#EFF2F7">\n
Action.c(155):       <TD COLSPAN="3">\n
Action.c(155):       <b>Flight Details:</b><BR/>  <center>\n
Action.c(155):       09/21/2020\n
Action.c(155):      :  8am : Flight 010 leaves Denver  for Frankfurt.<br>  </center>\n
Action.c(155):       </TD>\n
Action.c(155):     </TR>\n
Action.c(155):     \n
Action.c(155):     <TR bgcolor="#EFF2F7">\n
Action.c(155):       <TD COLSPAN="4">\n
Action.c(155):       <hr/>\n
Action.c(155):       </TD>\n
Action.c(155):     </TR>\n
Action.c(155):     \n
Action.c(155):     <!-- Flight #1 -->\n
Action.c(155):     <TR bgcolor="#EFF2F7">\n
Action.c(155):       <TD width="5%" rowspan="2" align="left" valign="top">\n
Action.c(155):     <b>\n
Action.c(155):     <label><input type="checkbox" name="87" value="on" /></label></font></b>\n
Action.c(155):     <input type="hidden" name="flightID" value="49037434-66978-jb"  />\n
Action.c(155):       </TD>\n
Action.c(155):       <TD width="45%" valign="top">\n
Action.c(155):           <b>&nbsp;&nbsp;A Firsrt class ticket for :</b><br/>\n
Action.c(155):           <center><table border="0" width="85%"><tr><td>\n
Action.c(155):           <li><i>jojo bean\n
Action.c(155):           <li><i></i>\n
Action.c(155):           </td></tr></table></center>\n
Action.c(155):       </TD>\n
Action.c(155):       <TD width="5%" >.<br/>.<br/>.<br/>.</TD>\n
Action.c(155):       <TD width="45%" valign=top><b>Invoice sent to:</b><br/>\n
Action.c(155):           <center>\n
Action.c(155):           <Table width="80%" cellspacing="0" > <tr> <td>\n
Action.c(155):               jojo bean\n
Action.c(155):     <br/>\n
Action.c(155):               Perm<br/>\n
Action.c(155):               614109<br/>\n
Action.c(155):               <br/>\n
Action.c(155):               Total Charge: $ 723 <BR/> (CC: x-1324)\n
Action.c(155):           </td> </tr> </table>\n
Action.c(155):           </center>\n
Action.c(155):       </TD>\n
Action.c(155):     </TR>\n
Action.c(155):     <TR bgcolor="#EFF2F7">\n
Action.c(155):       <TD COLSPAN="3">\n
Action.c(155):       <b>Flight Details:</b><BR/>  <center>\n
Action.c(155):       09/21/2020\n
Action.c(155):      :  8am : Flight 010 leaves Denver  for Frankfurt.<br>  </center>\n
Action.c(155):       </TD>\n
Action.c(155):     </TR>\n
Action.c(155):     \n
Action.c(155):     <TR bgcolor="#EFF2F7">\n
Action.c(155):       <TD COLSPAN="4">\n
Action.c(155):       <hr/>\n
Action.c(155):       </TD>\n
Action.c(155):     </TR>\n
Action.c(155):     <TR>\n
Action.c(155):        <TD align="center" COLSPAN="4">\n
Action.c(155):        <b>A total of 87 scheduled flights.</font></b>\n
Action.c(155):        </TD>\n
Action.c(155):     </TR>\n
Action.c(155):     </TABLE>\n
Action.c(155):     \n
Action.c(155):     <TABLE WIDTH="87%" BORDER="0" CELLSPACING="0">\n
Action.c(155):     <TR>\n
Action.c(155):     <TD align="left" width="50%" >\n
Action.c(155):     <input type="image" name="removeFlights" src="/WebTours/images/cancelreservation.gif" bord
Action.c(155):     er="0" /></TD>\n
Action.c(155):     <TD align="right" width="50%" >\n
Action.c(155):     <input type="image" name="removeAllFlights" src="/WebTours/images/cancelallreservations.gi
Action.c(155):     f" border="0" /></TD>\n
Action.c(155):     </TABLE>\n
Action.c(155):     \n
Action.c(155):     <div><input type="hidden" name=".cgifields" value="33"  /><input type="hidden" name=".cgif
Action.c(155):     ields" value="32"  /><input type="hidden" name=".cgifields" value="63"  /><input type="hid
Action.c(155):     den" name=".cgifields" value="21"  /><input type="hidden" name=".cgifields" value="71"  />
Action.c(155):     <input type="hidden" name=".cgifields" value="7"  /><input type="hidden" name=".cgifields"
Action.c(155):      value="80"  /><input type="hidden" name=".cgifields" value="26"  /><input type="hidden" n
Action.c(155):     ame=".cgifields" value="18"  /><input type="hidden" name=".cgifields" value="72"  /><input
Action.c(155):      type="hidden" name=".cgifields" value="16"  /><input type="hidden" name=".cgifields" valu
Action.c(155):     e="44"  /><input type="hidden" name=".cgifields" value="55"  /><input type="hidden" name="
Action.c(155):     .cgifields" value="84"  /><input type="hidden" name=".cgifields" value="74"  /><input type
Action.c(155):     ="hidden" name=".cgifields" value="27"  /><input type="hidden" name=".cgifields" value="57
Action.c(155):     "  /><input type="hidden" name=".cgifields" value="61"  /><input type="hidden" name=".cgif
Action.c(155):     ields" value="20"  /><input type="hidden" name=".cgifields" value="10"  /><input type="hid
Action.c(155):     den" name=".cgifields" value="31"  /><input type="hidden" name=".cgifields" value="35"  />
Action.c(155):     <input type="hidden" name=".cgifields" value="11"  /><input type="hidden" name=".cgifields
Action.c(155):     " value="78"  /><input type="hidden" name=".cgifields" value="48"  /><input type="hidden" 
Action.c(155):     name=".cgifields" value="87"  /><input type="hidden" name=".cgifields" value="77"  /><inpu
Action.c(155):     t type="hidden" name=".cgifields" value="65"  /><input type="hidden" name=".cgifields" val
Action.c(155):     ue="29"  /><input type="hidden" name=".cgifields" value="50"  /><input type="hidden" name=
Action.c(155):     ".cgifields" value="39"  /><input type="hidden" name=".cgifields" value="64"  /><input typ
Action.c(155):     e="hidden" name=".cgifields" value="58"  /><input type="hidden" name=".cgifields" value="4
Action.c(155):     1"  /><input type="hidden" name=".cgifields" value="12"  /><input type="hidden" name=".cgi
Action.c(155):     fields" value="15"  /><input type="hidden" name=".cgifields" value="81"  /><input type="hi
Action.c(155):     dden" name=".cgifields" value="52"  /><input type="hidden" name=".cgifields" value="60"  /
Action.c(155):     ><input type="hidden" name=".cgifields" value="56"  /><input type="hidden" name=".cgifield
Action.c(155):     s" value="73"  /><input type="hidden" name=".cgifields" value="66"  /><input type="hidden"
Action.c(155):      name=".cgifields" value="45"  /><input type="hidden" name=".cgifields" value="86"  /><inp
Action.c(155):     ut type="hidden" name=".cgifields" value="76"  /><input type="hidden" name=".cgifields" va
Action.c(155):     lue="19"  /><input type="hidden" name=".cgifields" value="62"  /><input type="hidden" name
Action.c(155):     =".cgifields" value="54"  /><input type="hidden" name=".cgifields" value="67"  /><input ty
Action.c(155):     pe="hidden" name=".cgifields" value="70"  /><input type="hidden" name=".cgifields" value="
Action.c(155):     68"  /><input type="hidden" name=".cgifields" value="2"  /><input type="hidden" name=".cgi
Action.c(155):     fields" value="17"  /><input type="hidden" name=".cgifields" value="1"  /><input type="hid
Action.c(155):     den" name=".cgifields" value="30"  /><input type="hidden" name=".cgifields" value="82"  />
Action.c(155):     <input type="hidden" name=".cgifields" value="25"  /><input type="hidden" name=".cgifields
Action.c(155):     " value="28"  /><input type="hidden" name=".cgifields" value="83"  /><input type="hidden" 
Action.c(155):     name=".cgifields" value="75"  /><input type="hidden" name=".cgifields" value="40"  /><inpu
Action.c(155):     t type="hidden" name=".cgifields" value="14"  /><input type="hidden" name=".cgifields" val
Action.c(155):     ue="69"  /><input type="hidden" name=".cgifields" value="59"  /><input type="hidden" name=
Action.c(155):     ".cgifields" value="49"  /><input type="hidden" name=".cgifields" value="24"  /><input typ
Action.c(155):     e="hidden" name=".cgifields" value="53"  /><input type="hidden" name=".cgifields" value="7
Action.c(155):     9"  /><input type="hidden" name=".cgifields" value="22"  /><input type="hidden" name=".cgi
Action.c(155):     fields" value="42"  /><input type="hidden" name=".cgifields" value="46"  /><input type="hi
Action.c(155):     dden" name=".cgifields" value="23"  /><input type="hidden" name=".cgifields" value="13"  /
Action.c(155):     ><input type="hidden" name=".cgifields" value="6"  /><input type="hidden" name=".cgifields
Action.c(155):     " value="85"  /><input type="hidden" name=".cgifields" value="3"  /><input type="hidden" n
Action.c(155):     ame=".cgifields" value="36"  /><input type="hidden" name=".cgifields" value="9"  /><input 
Action.c(155):     type="hidden" name=".cgifields" value="51"  /><input type="hidden" name=".cgifields" value
Action.c(155):     ="47"  /><input type="hidden" name=".cgifields" value="8"  /><input type="hidden" name=".c
Action.c(155):     gifields" value="38"  /><input type="hidden" name=".cgifields" value="4"  /><input type="h
Action.c(155):     idden" name=".cgifields" value="34"  /><input type="hidden" name=".cgifields" value="37"  
Action.c(155):     /><input type="hidden" name=".cgifields" value="43"  /><input type="hidden" name=".cgifiel
Action.c(155):     ds" value="5"  /></div></form>\n
Action.c(155):     \n
Action.c(155):     </center>\n
Action.c(155):     \n
Action.c(155):     </body>\n
Action.c(155):     </html>
Action.c(155): Notify: Saving Parameter "flight_ID_84 = 49045584-64674-jb".	[MsgId: MMSG-13798]
Action.c(155): Notify: Saving Parameter "flight_ID_85 = 49045584-65444-jb".	[MsgId: MMSG-13798]
Action.c(155): Notify: Saving Parameter "flight_ID_86 = 49037434-66209-jb".	[MsgId: MMSG-13798]
Action.c(155): Notify: Saving Parameter "flight_ID_87 = 49037434-66978-jb".	[MsgId: MMSG-13798]
Action.c(155): Warning -26373: Parameter "flight_ID" saved from a resource (URL="http://localhost:1080/cgi-bin/itinerary.pl")  	[MsgId: MWAR-26373]
Action.c(155): Notify: Saving Parameter "flight_ID_count = 87".	[MsgId: MMSG-13798]
Action.c(155): web_submit_form("web_submit_form") highest severity level was "warning", 100591 body bytes, 512 header bytes, 215 chunking overhead bytes  	[MsgId: MMSG-26387]
Action.c(169): itinerary deleted	[MsgId: MMSG-17999]
Action.c(174): web_submit_data("itinerary.pl") started  	[MsgId: MMSG-26355]
Action.c(174): t=18642ms: 255-byte response headers for "http://localhost:1080/cgi-bin/itinerary.pl" (RelFrameId=1, Internal ID=26)
Action.c(174):     HTTP/1.1 200 OK\r\n
Action.c(174):     Date: Mon, 21 Sep 2020 12:14:22 GMT\r\n
Action.c(174):     Server: Apache/2.2.21 (Win32)\r\n
Action.c(174):     Expires: Sun, 20 Sep 2020 12:14:22 GMT\r\n
Action.c(174):     Keep-Alive: timeout=5, max=99\r\n
Action.c(174):     Connection: Keep-Alive\r\n
Action.c(174):     Transfer-Encoding: chunked\r\n
Action.c(174):     Content-Type: text/html; charset=ISO-8859-1\r\n
Action.c(174):     \r\n
Action.c(174): t=18642ms: 5-byte chunked response overhead for "http://localhost:1080/cgi-bin/itinerary.pl" (RelFrameId=1, Internal ID=26)
Action.c(174):     3a4\r\n
Action.c(174): t=18642ms: 2-byte chunked response overhead for "http://localhost:1080/cgi-bin/itinerary.pl" (RelFrameId=1, Internal ID=26)
Action.c(174):     \r\n
Action.c(174): t=18642ms: 932-byte chunked response body for "http://localhost:1080/cgi-bin/itinerary.pl" (RelFrameId=1, Internal ID=26)
Action.c(174):     <!DOCTYPE html\n
Action.c(174):     \tPUBLIC "-//W3C//DTD XHTML 1.0 Transitional//EN"\n
Action.c(174):     \t "http://www.w3.org/TR/xhtml1/DTD/xhtml1-transitional.dtd">\n
Action.c(174):     <html xmlns="http://www.w3.org/1999/xhtml" lang="en-US" xml:lang="en-US">\n
Action.c(174):     <head>\n
Action.c(174):     <title>Flights List</title>\n
Action.c(174):     <meta http-equiv="Content-Type" content="text/html; charset=iso-8859-1" />\n
Action.c(174):     </head>\n
Action.c(174):     <body bgcolor="#E0E7F1">\n
Action.c(174):     <style>blockquote {font-family: tahoma; font-size : 10pt}H1 {font-family: tahoma; font-siz
Action.c(174):     e : 22pt; color: #993333}small {font-family: tahoma; font-size : 8pt}H3 {font-family: taho
Action.c(174):     ma; font-size : 10pt; color: black}TD {font-family: tahoma; font-size : 8pt; color: black}
Action.c(174):     </style><BR/><BR/><h1>&nbsp;&nbsp;<b>Itinerary</b></h1>\n
Action.c(174):     <blockquote><P break>Unfortunately, we could not delete your entire itinerary because of a
Action.c(174):      database synchronization error.  If you could please re-load your itinerary and try again
Action.c(174):     , we would appreciate it.  Thank you for your patience.</blockquote>\n
Action.c(174):     </body>\n
Action.c(174):     </html>
Action.c(174): t=18645ms: 5-byte chunked response overhead for "http://localhost:1080/cgi-bin/itinerary.pl" (RelFrameId=1, Internal ID=26)
Action.c(174):     0\r\n
Action.c(174):     \r\n
Action.c(174): web_submit_data("itinerary.pl") was successful, 932 body bytes, 255 header bytes, 12 chunking overhead bytes  	[MsgId: MMSG-26385]
Action.c(196): Notify: Transaction "delete_ticket" ended with a "Pass" status (Duration: 5,3101 Think Time: 5,0010 Wasted Time: 0,0035).	[MsgId: MMSG-16870]
Action.c(198): Notify: Transaction "Logout" started.	[MsgId: MMSG-16999]
Action.c(200): web_remove_auto_header("Sec-Fetch-User") started  	[MsgId: MMSG-26355]
Action.c(200): Previous automatically added web header for "Sec-Fetch-User" removed  	[MsgId: MMSG-26587]
Action.c(200): web_remove/revert_auto_header("Sec-Fetch-User") was successful  	[MsgId: MMSG-26392]
Action.c(202): web_add_header("Sec-Fetch-User") started  	[MsgId: MMSG-26355]
Action.c(202): web_add_header("Sec-Fetch-User") was successful  	[MsgId: MMSG-26392]
Action.c(205): Think time - Waiting 5,00 seconds (according to limit).	[MsgId: MMSG-15946]
Action.c(205): lr_think_time: 5,00 seconds (recorded think time was 28,00 seconds).	[MsgId: MMSG-15947]
Action.c(207): web_reg_find started  	[MsgId: MMSG-26355]
Action.c(207): Registering web_reg_find was successful  	[MsgId: MMSG-26390]
Action.c(211): web_url("SignOff Button") started  	[MsgId: MMSG-26355]
Action.c(211): t=23347ms: 327-byte response headers for "http://localhost:1080/cgi-bin/welcome.pl?signOff=1" (RelFrameId=1, Internal ID=27)
Action.c(211):     HTTP/1.1 200 OK\r\n
Action.c(211):     Date: Mon, 21 Sep 2020 12:14:27 GMT\r\n
Action.c(211):     Server: Apache/2.2.21 (Win32)\r\n
Action.c(211):     Set-Cookie: MSO=SID&1600690467; path=/\r\n
Action.c(211):     Set-Cookie: MTUserInfo=; path=/; expires=Sun, 20-Sep-2020 12:14:27 GMT\r\n
Action.c(211):     Keep-Alive: timeout=5, max=98\r\n
Action.c(211):     Connection: Keep-Alive\r\n
Action.c(211):     Transfer-Encoding: chunked\r\n
Action.c(211):     Content-Type: text/html; charset=ISO-8859-1\r\n
Action.c(211):     \r\n
Action.c(211): t=23347ms: 5-byte chunked response overhead for "http://localhost:1080/cgi-bin/welcome.pl?signOff=1" (RelFrameId=1, Internal ID=27)
Action.c(211):     2ae\r\n
Action.c(211): t=23347ms: 2-byte chunked response overhead for "http://localhost:1080/cgi-bin/welcome.pl?signOff=1" (RelFrameId=1, Internal ID=27)
Action.c(211):     \r\n
Action.c(211): t=23347ms: 686-byte chunked response body for "http://localhost:1080/cgi-bin/welcome.pl?signOff=1" (RelFrameId=1, Internal ID=27)
Action.c(211):     <!-- \n
Action.c(211):      A Session ID has been created and loaded into a cookie called MSO.\n
Action.c(211):      Also, the server options have been loaded into the cookie called\n
Action.c(211):      MSO as well.  The server options can be set via the Admin page.\n
Action.c(211):      --->\n
Action.c(211):     \n
Action.c(211):     <html>\n
Action.c(211):     <title>Web Tours</title>\n
Action.c(211):        <!-- Frame Set -->\n
Action.c(211):        <frameset cols="160,*" border="1" frameborder="1">\n
Action.c(211):           <!-- Navigation Frame -->\n
Action.c(211):           <frame src="nav.pl?in=home" name="navbar" marginheight="2" marginwidth="2" \n
Action.c(211):                 noresize="noresize" scrolling="auto"/>\n
Action.c(211):           <!-- Home Frame -->\n
Action.c(211):           <frame src="/WebTours/home.html" name="info" marginheight="2" marginwidth="2" \n
Action.c(211):                 noresize="noresize" scrolling="auto"/>\n
Action.c(211):        </frameset>\n
Action.c(211):     </html>\n
Action.c(211):     \n
Action.c(211):     </body>\n
Action.c(211):     </html>
Action.c(211): Detected non-resource "http://localhost:1080/cgi-bin/nav.pl?in=home" in "http://localhost:1080/cgi-bin/welcome.pl?signOff=1"  	[MsgId: MMSG-26574]
Action.c(211): Detected non-resource "http://localhost:1080/WebTours/home.html" in "http://localhost:1080/cgi-bin/welcome.pl?signOff=1"  	[MsgId: MMSG-26574]
Action.c(211): Retrieving data from cache for "http://localhost:1080/WebTours/home.html"  	[MsgId: MMSG-26558]
Action.c(211): t=23348ms: 1361-byte response body retrieved from cache for "http://localhost:1080/WebTours/home.html" (RelFrameId=1.2, Internal ID=29)
Action.c(211):     <HTML>\n
Action.c(211):     <HEAD>\n
Action.c(211):     \t<title>Web Tours</title>\n
Action.c(211):     </HEAD>\n
Action.c(211):     <style>\n
Action.c(211):     \tblockquote {font-family: tahoma; font-size : 10pt}\n
Action.c(211):     \tH1 {font-family: tahoma; font-size : 22pt; color: #003366}\n
Action.c(211):     \tsmall {font-family: tahoma; font-size : 8pt}\n
Action.c(211):     \tH3{font-family: tahoma; font-size : 10pt; color: black}\n
Action.c(211):     \tA {FONT-WEIGHT: bold; FONT-SIZE: 10pt; COLOR: black; FONT-FAMILY: Tahoma; TEXT-DECORATIO
Action.c(211):     N: none}\n
Action.c(211):     \tA:hover{ FONT-WEIGHT: bold; FONT-SIZE: 10pt; COLOR: #993333; FONT-FAMILY: Tahoma;TEXT-DE
Action.c(211):     CORATION: underline}\n
Action.c(211):     \tTD {font-family: tahoma; font-size : 10pt; color: black}\n
Action.c(211):     </style>\n
Action.c(211):     <body bgcolor="#e0e7f1">\n
Action.c(211):     <BR/>\n
Action.c(211):     <BR/>\n
Action.c(211):     <BR/>\n
Action.c(211):     <br/>\n
Action.c(211):     <table border="0">\n
Action.c(211):     <tr><td></td></tr>\n
Action.c(211):     <TR><TD></TD></TR>\n
Action.c(211):     <TR><TD>\n
Action.c(211):     <blockquote>\n
Action.c(211):     <H1><b>Web Tours</b></H1>\n
Action.c(211):     Welcome to the Web Tours site.\n
Action.c(211):     <br/>\n
Action.c(211):     To make reservations,please enter your account information to the left.\n
Action.c(211):     <br/>\n
Action.c(211):     If you haven't registered yet, <A href="/cgi-bin/login.pl?username=&amp;password=&amp;getI
Action.c(211):     nfo=true" ><B>sign up now</B></A> to get access to all our resources.\n
Action.c(211):     <br/>\n
Action.c(211):     To configure the server options, use <A href="/cgi-bin/admin.pl" target="body" ><b>adminis
Action.c(211):     tration</b></A> link.\n
Action.c(211):     <br/><br/><br/><br/><br/><br/>\n
Action.c(211):     <br/><small>\n
Action.c(211):     This product uses parts of the SMT Kernel, Copyright (c) 1991-99 <A href="http://www.imati
Action.c(211):     x.com" target="new"><B><small>iMatix Corporation</small></B></A> \n
Action.c(211):     </small>\n
Action.c(211):     </blockquote></TD>\n
Action.c(211):     <TD></TD></TR>\n
Action.c(211):     </table>\n
Action.c(211):     </body>\n
Action.c(211):     </HTML>\n
Action.c(211): t=23352ms: 5-byte chunked response overhead for "http://localhost:1080/cgi-bin/welcome.pl?signOff=1" (RelFrameId=1, Internal ID=27)
Action.c(211):     0\r\n
Action.c(211):     \r\n
Action.c(211): t=23408ms: 256-byte response headers for "http://localhost:1080/cgi-bin/nav.pl?in=home" (RelFrameId=1.1, Internal ID=28)
Action.c(211):     HTTP/1.1 200 OK\r\n
Action.c(211):     Date: Mon, 21 Sep 2020 12:14:27 GMT\r\n
Action.c(211):     Server: Apache/2.2.21 (Win32)\r\n
Action.c(211):     Expires: Sun, 20 Sep 2020 12:14:27 GMT\r\n
Action.c(211):     Keep-Alive: timeout=5, max=100\r\n
Action.c(211):     Connection: Keep-Alive\r\n
Action.c(211):     Transfer-Encoding: chunked\r\n
Action.c(211):     Content-Type: text/html; charset=ISO-8859-1\r\n
Action.c(211):     \r\n
Action.c(211): t=23408ms: 5-byte chunked response overhead for "http://localhost:1080/cgi-bin/nav.pl?in=home" (RelFrameId=1.1, Internal ID=28)
Action.c(211):     5ce\r\n
Action.c(211): t=23408ms: 2-byte chunked response overhead for "http://localhost:1080/cgi-bin/nav.pl?in=home" (RelFrameId=1.1, Internal ID=28)
Action.c(211):     \r\n
Action.c(211): t=23408ms: 1486-byte chunked response body for "http://localhost:1080/cgi-bin/nav.pl?in=home" (RelFrameId=1.1, Internal ID=28)
Action.c(211):     <!DOCTYPE html\n
Action.c(211):     \tPUBLIC "-//W3C//DTD XHTML 1.0 Transitional//EN"\n
Action.c(211):     \t "http://www.w3.org/TR/xhtml1/DTD/xhtml1-transitional.dtd">\n
Action.c(211):     <html xmlns="http://www.w3.org/1999/xhtml" lang="en-US" xml:lang="en-US">\n
Action.c(211):     <head>\n
Action.c(211):     <title>Web Tours Navigation Bar</title>\n
Action.c(211):     <meta http-equiv="Content-Type" content="text/html; charset=iso-8859-1" />\n
Action.c(211):     </head>\n
Action.c(211):     <body bgcolor="#E0E7F1">\n
Action.c(211):     <style>\n
Action.c(211):     blockquote {font-family: tahoma; font-size : 10pt}\n
Action.c(211):     H1 {font-family: tahoma; font-size : 22pt; color: #993333}\n
Action.c(211):     H3 {font-family: tahoma; font-size : 10pt; color: black}\n
Action.c(211):     small {font-family: tahoma; font-size : 8pt}\n
Action.c(211):     </style>\n
Action.c(211):     <form method="post" action="/cgi-bin/login.pl" target="body">\n
Action.c(211):     <input type="hidden" name="userSession" value="129663.059295261zzzQftDpzVcftAAVHpczVzHf"/>
Action.c(211):     \n
Action.c(211):     <table border="0"><tr><td>&nbsp;</td>\n
Action.c(211):     <td>&nbsp;</td></tr>\n
Action.c(211):     <tr><td>&nbsp;</td>\n
Action.c(211):     <td>&nbsp;</td></tr>\n
Action.c(211):     <tr><td>&nbsp;</td>\n
Action.c(211):     <td><small>&nbsp;Username</small></td></tr>\n
Action.c(211):     <tr><td>&nbsp;</td>\n
Action.c(211):     <td><input type="text" name="username" value="" size="14" maxlength="14"/></td></tr>\n
Action.c(211):     <tr><td>&nbsp;</td>\n
Action.c(211):     <td><small>&nbsp;Password</small></td>\n
Action.c(211):     <tr><td>&nbsp;</td>\n
Action.c(211):     <td><input type="password" name="password" value="" size="14" maxlength="14"/></td></tr>\n
Action.c(211):     <tr><td>&nbsp;</td>\n
Action.c(211):     <td>&nbsp;</td></tr>\n
Action.c(211):     <tr><td>&nbsp;</td>\n
Action.c(211):     <td><input type="image" name="login" value="Login" alt="Login" border="1" \n
Action.c(211):     src="/WebTours/images/mer_login.gif"/></td></tr>\n
Action.c(211):     <tr><td>&nbsp;</td><td>&nbsp;</td></tr>\n
Action.c(211):     </table><input type="hidden" name="JSFormSubmit" value="off"/>\n
Action.c(211):     </form>\n
Action.c(211):     \n
Action.c(211):     </body>\n
Action.c(211):     </html>\n
Action.c(211): Resource "http://localhost:1080/WebTours/images/mer_login.gif" is in the cache already and will not be downloaded again  	[MsgId: MMSG-26655]
Action.c(211): t=23411ms: 5-byte chunked response overhead for "http://localhost:1080/cgi-bin/nav.pl?in=home" (RelFrameId=1.1, Internal ID=28)
Action.c(211):     0\r\n
Action.c(211):     \r\n
Action.c(211): Registered web_reg_find successful for "Text= A Session ID has been created and loaded into a cookie called MSO." (count=1)  	[MsgId: MMSG-26364]
Action.c(211): web_url("SignOff Button") was successful, 2172 body bytes, 583 header bytes, 24 chunking overhead bytes  	[MsgId: MMSG-26385]
Action.c(221): Notify: Transaction "Logout" ended with a "Pass" status (Duration: 5,1204 Think Time: 5,0000 Wasted Time: 0,0000).	[MsgId: MMSG-16870]
Action.c(223): Notify: Transaction "UC_3_CancelReservation" ended with a "Pass" status (Duration: 22,3108 Think Time: 20,0014 Wasted Time: 0,1048).	[MsgId: MMSG-16870]
Ending action Action.	[MsgId: MMSG-15918]
Ending iteration 1.	[MsgId: MMSG-15965]
Waiting 75,6890 seconds for iteration pacing.	[MsgId: MMSG-15996]
Action.c(207): web_reg_find started  	[MsgId: MMSG-26355]
Action.c(207): Registering web_reg_find was successful  	[MsgId: MMSG-26390]
Action.c(211): web_url("SignOff Button") started  	[MsgId: MMSG-26355]
Action.c(211): t=23694ms: 327-byte response headers for "http://localhost:1080/cgi-bin/welcome.pl?signOff=1" (RelFrameId=1, Internal ID=27)
Action.c(211):     HTTP/1.1 200 OK\r\n
Action.c(211):     Date: Mon, 21 Sep 2020 12:14:27 GMT\r\n
Action.c(211):     Server: Apache/2.2.21 (Win32)\r\n
Action.c(211):     Set-Cookie: MSO=SID&1600690467; path=/\r\n
Action.c(211):     Set-Cookie: MTUserInfo=; path=/; expires=Sun, 20-Sep-2020 12:14:27 GMT\r\n
Action.c(211):     Keep-Alive: timeout=5, max=98\r\n
Action.c(211):     Connection: Keep-Alive\r\n
Action.c(211):     Transfer-Encoding: chunked\r\n
Action.c(211):     Content-Type: text/html; charset=ISO-8859-1\r\n
Action.c(211):     \r\n
Action.c(211): t=23694ms: 5-byte chunked response overhead for "http://localhost:1080/cgi-bin/welcome.pl?signOff=1" (RelFrameId=1, Internal ID=27)
Action.c(211):     2ae\r\n
Action.c(211): t=23694ms: 2-byte chunked response overhead for "http://localhost:1080/cgi-bin/welcome.pl?signOff=1" (RelFrameId=1, Internal ID=27)
Action.c(211):     \r\n
Action.c(211): t=23694ms: 686-byte chunked response body for "http://localhost:1080/cgi-bin/welcome.pl?signOff=1" (RelFrameId=1, Internal ID=27)
Action.c(211):     <!-- \n
Action.c(211):      A Session ID has been created and loaded into a cookie called MSO.\n
Action.c(211):      Also, the server options have been loaded into the cookie called\n
Action.c(211):      MSO as well.  The server options can be set via the Admin page.\n
Action.c(211):      --->\n
Action.c(211):     \n
Action.c(211):     <html>\n
Action.c(211):     <title>Web Tours</title>\n
Action.c(211):        <!-- Frame Set -->\n
Action.c(211):        <frameset cols="160,*" border="1" frameborder="1">\n
Action.c(211):           <!-- Navigation Frame -->\n
Action.c(211):           <frame src="nav.pl?in=home" name="navbar" marginheight="2" marginwidth="2" \n
Action.c(211):                 noresize="noresize" scrolling="auto"/>\n
Action.c(211):           <!-- Home Frame -->\n
Action.c(211):           <frame src="/WebTours/home.html" name="info" marginheight="2" marginwidth="2" \n
Action.c(211):                 noresize="noresize" scrolling="auto"/>\n
Action.c(211):        </frameset>\n
Action.c(211):     </html>\n
Action.c(211):     \n
Action.c(211):     </body>\n
Action.c(211):     </html>
Action.c(211): Detected non-resource "http://localhost:1080/cgi-bin/nav.pl?in=home" in "http://localhost:1080/cgi-bin/welcome.pl?signOff=1"  	[MsgId: MMSG-26574]
Action.c(211): Detected non-resource "http://localhost:1080/WebTours/home.html" in "http://localhost:1080/cgi-bin/welcome.pl?signOff=1"  	[MsgId: MMSG-26574]
Action.c(211): Retrieving data from cache for "http://localhost:1080/WebTours/home.html"  	[MsgId: MMSG-26558]
Action.c(211): t=23696ms: 1361-byte response body retrieved from cache for "http://localhost:1080/WebTours/home.html" (RelFrameId=1.2, Internal ID=29)
Action.c(211):     <HTML>\n
Action.c(211):     <HEAD>\n
Action.c(211):     \t<title>Web Tours</title>\n
Action.c(211):     </HEAD>\n
Action.c(211):     <style>\n
Action.c(211):     \tblockquote {font-family: tahoma; font-size : 10pt}\n
Action.c(211):     \tH1 {font-family: tahoma; font-size : 22pt; color: #003366}\n
Action.c(211):     \tsmall {font-family: tahoma; font-size : 8pt}\n
Action.c(211):     \tH3{font-family: tahoma; font-size : 10pt; color: black}\n
Action.c(211):     \tA {FONT-WEIGHT: bold; FONT-SIZE: 10pt; COLOR: black; FONT-FAMILY: Tahoma; TEXT-DECORATIO
Action.c(211):     N: none}\n
Action.c(211):     \tA:hover{ FONT-WEIGHT: bold; FONT-SIZE: 10pt; COLOR: #993333; FONT-FAMILY: Tahoma;TEXT-DE
Action.c(211):     CORATION: underline}\n
Action.c(211):     \tTD {font-family: tahoma; font-size : 10pt; color: black}\n
Action.c(211):     </style>\n
Action.c(211):     <body bgcolor="#e0e7f1">\n
Action.c(211):     <BR/>\n
Action.c(211):     <BR/>\n
Action.c(211):     <BR/>\n
Action.c(211):     <br/>\n
Action.c(211):     <table border="0">\n
Action.c(211):     <tr><td></td></tr>\n
Action.c(211):     <TR><TD></TD></TR>\n
Action.c(211):     <TR><TD>\n
Action.c(211):     <blockquote>\n
Action.c(211):     <H1><b>Web Tours</b></H1>\n
Action.c(211):     Welcome to the Web Tours site.\n
Action.c(211):     <br/>\n
Action.c(211):     To make reservations,please enter your account information to the left.\n
Action.c(211):     <br/>\n
Action.c(211):     If you haven't registered yet, <A href="/cgi-bin/login.pl?username=&amp;password=&amp;getI
Action.c(211):     nfo=true" ><B>sign up now</B></A> to get access to all our resources.\n
Action.c(211):     <br/>\n
Action.c(211):     To configure the server options, use <A href="/cgi-bin/admin.pl" target="body" ><b>adminis
Action.c(211):     tration</b></A> link.\n
Action.c(211):     <br/><br/><br/><br/><br/><br/>\n
Action.c(211):     <br/><small>\n
Action.c(211):     This product uses parts of the SMT Kernel, Copyright (c) 1991-99 <A href="http://www.imati
Action.c(211):     x.com" target="new"><B><small>iMatix Corporation</small></B></A> \n
Action.c(211):     </small>\n
Action.c(211):     </blockquote></TD>\n
Action.c(211):     <TD></TD></TR>\n
Action.c(211):     </table>\n
Action.c(211):     </body>\n
Action.c(211):     </HTML>\n
Action.c(211): t=23698ms: 5-byte chunked response overhead for "http://localhost:1080/cgi-bin/welcome.pl?signOff=1" (RelFrameId=1, Internal ID=27)
Action.c(211):     0\r\n
Action.c(211):     \r\n
Action.c(211): t=23754ms: 256-byte response headers for "http://localhost:1080/cgi-bin/nav.pl?in=home" (RelFrameId=1.1, Internal ID=28)
Action.c(211):     HTTP/1.1 200 OK\r\n
Action.c(211):     Date: Mon, 21 Sep 2020 12:14:27 GMT\r\n
Action.c(211):     Server: Apache/2.2.21 (Win32)\r\n
Action.c(211):     Expires: Sun, 20 Sep 2020 12:14:27 GMT\r\n
Action.c(211):     Keep-Alive: timeout=5, max=100\r\n
Action.c(211):     Connection: Keep-Alive\r\n
Action.c(211):     Transfer-Encoding: chunked\r\n
Action.c(211):     Content-Type: text/html; charset=ISO-8859-1\r\n
Action.c(211):     \r\n
Action.c(211): t=23755ms: 5-byte chunked response overhead for "http://localhost:1080/cgi-bin/nav.pl?in=home" (RelFrameId=1.1, Internal ID=28)
Action.c(211):     5ce\r\n
Action.c(211): t=23755ms: 2-byte chunked response overhead for "http://localhost:1080/cgi-bin/nav.pl?in=home" (RelFrameId=1.1, Internal ID=28)
Action.c(211):     \r\n
Action.c(211): t=23755ms: 1486-byte chunked response body for "http://localhost:1080/cgi-bin/nav.pl?in=home" (RelFrameId=1.1, Internal ID=28)
Action.c(211):     <!DOCTYPE html\n
Action.c(211):     \tPUBLIC "-//W3C//DTD XHTML 1.0 Transitional//EN"\n
Action.c(211):     \t "http://www.w3.org/TR/xhtml1/DTD/xhtml1-transitional.dtd">\n
Action.c(211):     <html xmlns="http://www.w3.org/1999/xhtml" lang="en-US" xml:lang="en-US">\n
Action.c(211):     <head>\n
Action.c(211):     <title>Web Tours Navigation Bar</title>\n
Action.c(211):     <meta http-equiv="Content-Type" content="text/html; charset=iso-8859-1" />\n
Action.c(211):     </head>\n
Action.c(211):     <body bgcolor="#E0E7F1">\n
Action.c(211):     <style>\n
Action.c(211):     blockquote {font-family: tahoma; font-size : 10pt}\n
Action.c(211):     H1 {font-family: tahoma; font-size : 22pt; color: #993333}\n
Action.c(211):     H3 {font-family: tahoma; font-size : 10pt; color: black}\n
Action.c(211):     small {font-family: tahoma; font-size : 8pt}\n
Action.c(211):     </style>\n
Action.c(211):     <form method="post" action="/cgi-bin/login.pl" target="body">\n
Action.c(211):     <input type="hidden" name="userSession" value="129663.059295261zzzQftDpzVcftAAVHpczVzHf"/>
Action.c(211):     \n
Action.c(211):     <table border="0"><tr><td>&nbsp;</td>\n
Action.c(211):     <td>&nbsp;</td></tr>\n
Action.c(211):     <tr><td>&nbsp;</td>\n
Action.c(211):     <td>&nbsp;</td></tr>\n
Action.c(211):     <tr><td>&nbsp;</td>\n
Action.c(211):     <td><small>&nbsp;Username</small></td></tr>\n
Action.c(211):     <tr><td>&nbsp;</td>\n
Action.c(211):     <td><input type="text" name="username" value="" size="14" maxlength="14"/></td></tr>\n
Action.c(211):     <tr><td>&nbsp;</td>\n
Action.c(211):     <td><small>&nbsp;Password</small></td>\n
Action.c(211):     <tr><td>&nbsp;</td>\n
Action.c(211):     <td><input type="password" name="password" value="" size="14" maxlength="14"/></td></tr>\n
Action.c(211):     <tr><td>&nbsp;</td>\n
Action.c(211):     <td>&nbsp;</td></tr>\n
Action.c(211):     <tr><td>&nbsp;</td>\n
Action.c(211):     <td><input type="image" name="login" value="Login" alt="Login" border="1" \n
Action.c(211):     src="/WebTours/images/mer_login.gif"/></td></tr>\n
Action.c(211):     <tr><td>&nbsp;</td><td>&nbsp;</td></tr>\n
Action.c(211):     </table><input type="hidden" name="JSFormSubmit" value="off"/>\n
Action.c(211):     </form>\n
Action.c(211):     \n
Action.c(211):     </body>\n
Action.c(211):     </html>\n
Action.c(211): Resource "http://localhost:1080/WebTours/images/mer_login.gif" is in the cache already and will not be downloaded again  	[MsgId: MMSG-26655]
Action.c(211): t=23758ms: 5-byte chunked response overhead for "http://localhost:1080/cgi-bin/nav.pl?in=home" (RelFrameId=1.1, Internal ID=28)
Action.c(211):     0\r\n
Action.c(211):     \r\n
Action.c(211): Registered web_reg_find successful for "Text= A Session ID has been created and loaded into a cookie called MSO." (count=1)  	[MsgId: MMSG-26364]
Action.c(211): web_url("SignOff Button") was successful, 2172 body bytes, 583 header bytes, 24 chunking overhead bytes  	[MsgId: MMSG-26385]
Action.c(221): Notify: Transaction "Logout" ended with a "Pass" status (Duration: 5,1128 Think Time: 4,9999 Wasted Time: 0,0000).	[MsgId: MMSG-16870]
Action.c(223): Notify: Transaction "UC_3_CancelReservation" ended with a "Pass" status (Duration: 22,6812 Think Time: 20,0822 Wasted Time: 0,0104).	[MsgId: MMSG-16870]
Ending action Action.	[MsgId: MMSG-15918]
Ending iteration 1.	[MsgId: MMSG-15965]
Waiting 75,3180 seconds for iteration pacing.	[MsgId: MMSG-15996]
Action was aborted.	[MsgId: MMSG-10694]
Ending Vuser...	[MsgId: MMSG-15966]
Starting action vuser_end.	[MsgId: MMSG-15919]
Ending action vuser_end.	[MsgId: MMSG-15918]
Vuser Terminated.	[MsgId: MMSG-15963]
Action was aborted.	[MsgId: MMSG-10694]
Ending Vuser...	[MsgId: MMSG-15966]
Starting action vuser_end.	[MsgId: MMSG-15919]
Ending action vuser_end.	[MsgId: MMSG-15918]
Vuser Terminated.	[MsgId: MMSG-15963]
Vuser 1 (thread 9552), ended OK."	[MsgId: MMSG-10695]
Vuser 0 (thread 12784), ended OK."	[MsgId: MMSG-10695]
